{
"H:\\Lazar\\Telerik\\JavaScript\\5. Web Applications with Node.js\\TeamWork\\NodeJS-Praetorians\\data\\comments.data.js":{"path":"H:\\Lazar\\Telerik\\JavaScript\\5. Web Applications with Node.js\\TeamWork\\NodeJS-Praetorians\\data\\comments.data.js","s":{"1":0,"2":0,"3":0,"4":0,"5":0,"6":0,"7":0,"8":0,"9":0,"10":0},"b":{},"f":{"1":0,"2":0,"3":0,"4":0,"5":0},"fnMap":{"1":{"name":"(anonymous_1)","line":5,"loc":{"start":{"line":5,"column":15},"end":{"line":5,"column":20}}},"2":{"name":"(anonymous_2)","line":8,"loc":{"start":{"line":8,"column":10},"end":{"line":8,"column":18}}},"3":{"name":"(anonymous_3)","line":15,"loc":{"start":{"line":15,"column":12},"end":{"line":15,"column":17}}},"4":{"name":"(anonymous_4)","line":20,"loc":{"start":{"line":20,"column":10},"end":{"line":20,"column":27}}},"5":{"name":"(anonymous_5)","line":42,"loc":{"start":{"line":42,"column":17},"end":{"line":42,"column":25}}}},"statementMap":{"1":{"start":{"line":1,"column":0},"end":{"line":1,"column":45}},"2":{"start":{"line":2,"column":0},"end":{"line":2,"column":51}},"3":{"start":{"line":3,"column":0},"end":{"line":3,"column":40}},"4":{"start":{"line":6,"column":8},"end":{"line":6,"column":36}},"5":{"start":{"line":9,"column":8},"end":{"line":13,"column":23}},"6":{"start":{"line":16,"column":8},"end":{"line":18,"column":11}},"7":{"start":{"line":21,"column":8},"end":{"line":39,"column":15}},"8":{"start":{"line":27,"column":16},"end":{"line":38,"column":18}},"9":{"start":{"line":46,"column":8},"end":{"line":46,"column":42}},"10":{"start":{"line":50,"column":0},"end":{"line":50,"column":30}}},"branchMap":{},"l":{"1":0,"2":0,"3":0,"6":0,"9":0,"16":0,"21":0,"27":0,"46":0,"50":0}},
"H:\\Lazar\\Telerik\\JavaScript\\5. Web Applications with Node.js\\TeamWork\\NodeJS-Praetorians\\data\\data.js":{"path":"H:\\Lazar\\Telerik\\JavaScript\\5. Web Applications with Node.js\\TeamWork\\NodeJS-Praetorians\\data\\data.js","s":{"1":0,"2":0,"3":0,"4":0,"5":0,"6":0},"b":{},"f":{},"fnMap":{},"statementMap":{"1":{"start":{"line":1,"column":0},"end":{"line":1,"column":42}},"2":{"start":{"line":2,"column":0},"end":{"line":2,"column":44}},"3":{"start":{"line":3,"column":0},"end":{"line":3,"column":48}},"4":{"start":{"line":5,"column":0},"end":{"line":13,"column":2}},"5":{"start":{"line":6,"column":4},"end":{"line":12,"column":7}},"6":{"start":{"line":15,"column":0},"end":{"line":15,"column":26}}},"branchMap":{},"l":{"1":0,"2":0,"3":0,"5":0,"6":0,"15":0}},
"H:\\Lazar\\Telerik\\JavaScript\\5. Web Applications with Node.js\\TeamWork\\NodeJS-Praetorians\\data\\index.js":{"path":"H:\\Lazar\\Telerik\\JavaScript\\5. Web Applications with Node.js\\TeamWork\\NodeJS-Praetorians\\data\\index.js","s":{"1":0},"b":{},"f":{},"fnMap":{},"statementMap":{"1":{"start":{"line":1,"column":0},"end":{"line":1,"column":35}}},"branchMap":{},"l":{"1":0}},
"H:\\Lazar\\Telerik\\JavaScript\\5. Web Applications with Node.js\\TeamWork\\NodeJS-Praetorians\\data\\topics.data.js":{"path":"H:\\Lazar\\Telerik\\JavaScript\\5. Web Applications with Node.js\\TeamWork\\NodeJS-Praetorians\\data\\topics.data.js","s":{"1":0,"2":0,"3":0,"4":0,"5":0,"6":0,"7":0,"8":0,"9":0,"10":0,"11":0,"12":0,"13":0,"14":0,"15":0,"16":0,"17":0,"18":0},"b":{},"f":{"1":0,"2":0,"3":0,"4":0,"5":0,"6":0,"7":0},"fnMap":{"1":{"name":"(anonymous_1)","line":7,"loc":{"start":{"line":7,"column":15},"end":{"line":7,"column":20}}},"2":{"name":"(anonymous_2)","line":11,"loc":{"start":{"line":11,"column":17},"end":{"line":11,"column":25}}},"3":{"name":"(anonymous_3)","line":16,"loc":{"start":{"line":16,"column":16},"end":{"line":16,"column":19}}},"4":{"name":"(anonymous_4)","line":26,"loc":{"start":{"line":26,"column":10},"end":{"line":26,"column":34}}},"5":{"name":"(anonymous_5)","line":48,"loc":{"start":{"line":48,"column":14},"end":{"line":48,"column":24}}},"6":{"name":"(anonymous_6)","line":77,"loc":{"start":{"line":77,"column":10},"end":{"line":77,"column":18}}},"7":{"name":"(anonymous_7)","line":84,"loc":{"start":{"line":84,"column":15},"end":{"line":84,"column":23}}}},"statementMap":{"1":{"start":{"line":1,"column":0},"end":{"line":1,"column":45}},"2":{"start":{"line":2,"column":0},"end":{"line":2,"column":47}},"3":{"start":{"line":3,"column":0},"end":{"line":3,"column":45}},"4":{"start":{"line":4,"column":0},"end":{"line":4,"column":40}},"5":{"start":{"line":8,"column":8},"end":{"line":8,"column":32}},"6":{"start":{"line":14,"column":8},"end":{"line":14,"column":42}},"7":{"start":{"line":17,"column":8},"end":{"line":23,"column":15}},"8":{"start":{"line":21,"column":16},"end":{"line":22,"column":31}},"9":{"start":{"line":27,"column":8},"end":{"line":33,"column":15}},"10":{"start":{"line":49,"column":8},"end":{"line":73,"column":15}},"11":{"start":{"line":53,"column":16},"end":{"line":60,"column":18}},"12":{"start":{"line":62,"column":16},"end":{"line":62,"column":51}},"13":{"start":{"line":64,"column":16},"end":{"line":72,"column":23}},"14":{"start":{"line":71,"column":24},"end":{"line":71,"column":42}},"15":{"start":{"line":78,"column":8},"end":{"line":82,"column":23}},"16":{"start":{"line":85,"column":8},"end":{"line":87,"column":38}},"17":{"start":{"line":87,"column":31},"end":{"line":87,"column":36}},"18":{"start":{"line":91,"column":0},"end":{"line":91,"column":28}}},"branchMap":{},"l":{"1":0,"2":0,"3":0,"4":0,"8":0,"14":0,"17":0,"21":0,"27":0,"49":0,"53":0,"62":0,"64":0,"71":0,"78":0,"85":0,"87":0,"91":0}},
"H:\\Lazar\\Telerik\\JavaScript\\5. Web Applications with Node.js\\TeamWork\\NodeJS-Praetorians\\data\\users.data.js":{"path":"H:\\Lazar\\Telerik\\JavaScript\\5. Web Applications with Node.js\\TeamWork\\NodeJS-Praetorians\\data\\users.data.js","s":{"1":0,"2":0,"3":0,"4":0,"5":0,"6":0,"7":0,"8":0,"9":0,"10":0,"11":0,"12":0,"13":0,"14":0,"15":0,"16":0,"17":0,"18":0,"19":0,"20":0,"21":0,"22":0,"23":0,"24":0,"25":0,"26":0,"27":0,"28":0,"29":0,"30":0,"31":0,"32":0,"33":0,"34":0,"35":0,"36":0,"37":0,"38":0,"39":0,"40":0,"41":0,"42":0,"43":0,"44":0,"45":0,"46":0,"47":0},"b":{"1":[0,0],"2":[0,0],"3":[0,0],"4":[0,0],"5":[0,0],"6":[0,0],"7":[0,0],"8":[0,0,0,0,0],"9":[0,0],"10":[0,0]},"f":{"1":0,"2":0,"3":0,"4":0,"5":0,"6":0},"fnMap":{"1":{"name":"(anonymous_1)","line":10,"loc":{"start":{"line":10,"column":15},"end":{"line":10,"column":20}}},"2":{"name":"(anonymous_2)","line":14,"loc":{"start":{"line":14,"column":18},"end":{"line":14,"column":29}}},"3":{"name":"(anonymous_3)","line":20,"loc":{"start":{"line":20,"column":14},"end":{"line":20,"column":24}}},"4":{"name":"(anonymous_4)","line":48,"loc":{"start":{"line":48,"column":17},"end":{"line":48,"column":31}}},"5":{"name":"(anonymous_5)","line":58,"loc":{"start":{"line":58,"column":16},"end":{"line":58,"column":49}}},"6":{"name":"(anonymous_6)","line":117,"loc":{"start":{"line":117,"column":17},"end":{"line":117,"column":38}}}},"statementMap":{"1":{"start":{"line":1,"column":0},"end":{"line":1,"column":45}},"2":{"start":{"line":2,"column":0},"end":{"line":2,"column":45}},"3":{"start":{"line":3,"column":0},"end":{"line":3,"column":42}},"4":{"start":{"line":4,"column":0},"end":{"line":4,"column":52}},"5":{"start":{"line":5,"column":0},"end":{"line":5,"column":50}},"6":{"start":{"line":6,"column":0},"end":{"line":6,"column":40}},"7":{"start":{"line":11,"column":8},"end":{"line":11,"column":30}},"8":{"start":{"line":15,"column":8},"end":{"line":17,"column":36}},"9":{"start":{"line":17,"column":30},"end":{"line":17,"column":34}},"10":{"start":{"line":21,"column":8},"end":{"line":45,"column":10}},"11":{"start":{"line":25,"column":16},"end":{"line":31,"column":18}},"12":{"start":{"line":33,"column":16},"end":{"line":33,"column":50}},"13":{"start":{"line":35,"column":16},"end":{"line":43,"column":23}},"14":{"start":{"line":42,"column":24},"end":{"line":42,"column":39}},"15":{"start":{"line":49,"column":8},"end":{"line":55,"column":15}},"16":{"start":{"line":59,"column":8},"end":{"line":59,"column":29}},"17":{"start":{"line":60,"column":8},"end":{"line":60,"column":30}},"18":{"start":{"line":61,"column":8},"end":{"line":61,"column":29}},"19":{"start":{"line":62,"column":8},"end":{"line":62,"column":25}},"20":{"start":{"line":63,"column":8},"end":{"line":63,"column":32}},"21":{"start":{"line":65,"column":8},"end":{"line":69,"column":9}},"22":{"start":{"line":66,"column":12},"end":{"line":66,"column":43}},"23":{"start":{"line":68,"column":12},"end":{"line":68,"column":66}},"24":{"start":{"line":71,"column":8},"end":{"line":75,"column":9}},"25":{"start":{"line":72,"column":12},"end":{"line":72,"column":49}},"26":{"start":{"line":74,"column":12},"end":{"line":74,"column":45}},"27":{"start":{"line":77,"column":8},"end":{"line":81,"column":9}},"28":{"start":{"line":78,"column":12},"end":{"line":78,"column":47}},"29":{"start":{"line":80,"column":12},"end":{"line":80,"column":43}},"30":{"start":{"line":83,"column":8},"end":{"line":87,"column":9}},"31":{"start":{"line":84,"column":12},"end":{"line":84,"column":39}},"32":{"start":{"line":86,"column":12},"end":{"line":86,"column":35}},"33":{"start":{"line":89,"column":8},"end":{"line":93,"column":9}},"34":{"start":{"line":90,"column":12},"end":{"line":90,"column":53}},"35":{"start":{"line":92,"column":12},"end":{"line":92,"column":49}},"36":{"start":{"line":95,"column":8},"end":{"line":101,"column":9}},"37":{"start":{"line":100,"column":12},"end":{"line":100,"column":74}},"38":{"start":{"line":103,"column":8},"end":{"line":114,"column":10}},"39":{"start":{"line":118,"column":8},"end":{"line":129,"column":15}},"40":{"start":{"line":120,"column":16},"end":{"line":123,"column":17}},"41":{"start":{"line":121,"column":20},"end":{"line":121,"column":52}},"42":{"start":{"line":122,"column":20},"end":{"line":122,"column":52}},"43":{"start":{"line":124,"column":16},"end":{"line":127,"column":17}},"44":{"start":{"line":125,"column":20},"end":{"line":125,"column":56}},"45":{"start":{"line":126,"column":20},"end":{"line":126,"column":56}},"46":{"start":{"line":128,"column":16},"end":{"line":128,"column":28}},"47":{"start":{"line":133,"column":0},"end":{"line":133,"column":27}}},"branchMap":{"1":{"line":65,"type":"if","locations":[{"start":{"line":65,"column":8},"end":{"line":65,"column":8}},{"start":{"line":65,"column":8},"end":{"line":65,"column":8}}]},"2":{"line":65,"type":"binary-expr","locations":[{"start":{"line":65,"column":12},"end":{"line":65,"column":39}},{"start":{"line":65,"column":43},"end":{"line":65,"column":72}}]},"3":{"line":71,"type":"if","locations":[{"start":{"line":71,"column":8},"end":{"line":71,"column":8}},{"start":{"line":71,"column":8},"end":{"line":71,"column":8}}]},"4":{"line":77,"type":"if","locations":[{"start":{"line":77,"column":8},"end":{"line":77,"column":8}},{"start":{"line":77,"column":8},"end":{"line":77,"column":8}}]},"5":{"line":83,"type":"if","locations":[{"start":{"line":83,"column":8},"end":{"line":83,"column":8}},{"start":{"line":83,"column":8},"end":{"line":83,"column":8}}]},"6":{"line":89,"type":"if","locations":[{"start":{"line":89,"column":8},"end":{"line":89,"column":8}},{"start":{"line":89,"column":8},"end":{"line":89,"column":8}}]},"7":{"line":95,"type":"if","locations":[{"start":{"line":95,"column":8},"end":{"line":95,"column":8}},{"start":{"line":95,"column":8},"end":{"line":95,"column":8}}]},"8":{"line":95,"type":"binary-expr","locations":[{"start":{"line":95,"column":12},"end":{"line":95,"column":86}},{"start":{"line":96,"column":12},"end":{"line":96,"column":68}},{"start":{"line":97,"column":12},"end":{"line":97,"column":67}},{"start":{"line":98,"column":12},"end":{"line":98,"column":63}},{"start":{"line":99,"column":12},"end":{"line":99,"column":80}}]},"9":{"line":120,"type":"if","locations":[{"start":{"line":120,"column":16},"end":{"line":120,"column":16}},{"start":{"line":120,"column":16},"end":{"line":120,"column":16}}]},"10":{"line":124,"type":"if","locations":[{"start":{"line":124,"column":16},"end":{"line":124,"column":16}},{"start":{"line":124,"column":16},"end":{"line":124,"column":16}}]}},"l":{"1":0,"2":0,"3":0,"4":0,"5":0,"6":0,"11":0,"15":0,"17":0,"21":0,"25":0,"33":0,"35":0,"42":0,"49":0,"59":0,"60":0,"61":0,"62":0,"63":0,"65":0,"66":0,"68":0,"71":0,"72":0,"74":0,"77":0,"78":0,"80":0,"83":0,"84":0,"86":0,"89":0,"90":0,"92":0,"95":0,"100":0,"103":0,"118":0,"120":0,"121":0,"122":0,"124":0,"125":0,"126":0,"128":0,"133":0}},
"H:\\Lazar\\Telerik\\JavaScript\\5. Web Applications with Node.js\\TeamWork\\NodeJS-Praetorians\\data\\base\\base.data.js":{"path":"H:\\Lazar\\Telerik\\JavaScript\\5. Web Applications with Node.js\\TeamWork\\NodeJS-Praetorians\\data\\base\\base.data.js","s":{"1":1,"2":3,"3":3,"4":3,"5":3,"6":3,"7":0,"8":1,"9":0,"10":0,"11":0,"12":0,"13":1,"14":0,"15":0,"16":0,"17":4,"18":1},"b":{"1":[0,0],"2":[0,0],"3":[0,0]},"f":{"1":3,"2":0,"3":1,"4":0,"5":1,"6":0,"7":4},"fnMap":{"1":{"name":"(anonymous_1)","line":4,"loc":{"start":{"line":4,"column":15},"end":{"line":4,"column":43}}},"2":{"name":"(anonymous_2)","line":12,"loc":{"start":{"line":12,"column":12},"end":{"line":12,"column":20}}},"3":{"name":"(anonymous_3)","line":17,"loc":{"start":{"line":17,"column":10},"end":{"line":17,"column":13}}},"4":{"name":"(anonymous_4)","line":22,"loc":{"start":{"line":22,"column":10},"end":{"line":22,"column":18}}},"5":{"name":"(anonymous_5)","line":34,"loc":{"start":{"line":34,"column":12},"end":{"line":34,"column":17}}},"6":{"name":"(anonymous_6)","line":40,"loc":{"start":{"line":40,"column":17},"end":{"line":40,"column":25}}},"7":{"name":"(anonymous_7)","line":49,"loc":{"start":{"line":49,"column":22},"end":{"line":49,"column":25}}}},"statementMap":{"1":{"start":{"line":1,"column":0},"end":{"line":1,"column":40}},"2":{"start":{"line":5,"column":8},"end":{"line":5,"column":21}},"3":{"start":{"line":6,"column":8},"end":{"line":6,"column":37}},"4":{"start":{"line":7,"column":8},"end":{"line":7,"column":35}},"5":{"start":{"line":8,"column":8},"end":{"line":8,"column":56}},"6":{"start":{"line":9,"column":8},"end":{"line":9,"column":66}},"7":{"start":{"line":13,"column":8},"end":{"line":14,"column":23}},"8":{"start":{"line":18,"column":8},"end":{"line":19,"column":23}},"9":{"start":{"line":24,"column":8},"end":{"line":26,"column":9}},"10":{"start":{"line":25,"column":12},"end":{"line":25,"column":56}},"11":{"start":{"line":28,"column":8},"end":{"line":31,"column":15}},"12":{"start":{"line":30,"column":16},"end":{"line":30,"column":29}},"13":{"start":{"line":35,"column":8},"end":{"line":37,"column":11}},"14":{"start":{"line":41,"column":8},"end":{"line":44,"column":9}},"15":{"start":{"line":43,"column":12},"end":{"line":43,"column":24}},"16":{"start":{"line":46,"column":8},"end":{"line":46,"column":45}},"17":{"start":{"line":50,"column":8},"end":{"line":50,"column":56}},"18":{"start":{"line":54,"column":0},"end":{"line":54,"column":26}}},"branchMap":{"1":{"line":24,"type":"if","locations":[{"start":{"line":24,"column":8},"end":{"line":24,"column":8}},{"start":{"line":24,"column":8},"end":{"line":24,"column":8}}]},"2":{"line":41,"type":"if","locations":[{"start":{"line":41,"column":8},"end":{"line":41,"column":8}},{"start":{"line":41,"column":8},"end":{"line":41,"column":8}}]},"3":{"line":41,"type":"binary-expr","locations":[{"start":{"line":41,"column":12},"end":{"line":41,"column":49}},{"start":{"line":42,"column":12},"end":{"line":42,"column":56}}]}},"l":{"1":1,"5":3,"6":3,"7":3,"8":3,"9":3,"13":0,"18":1,"24":0,"25":0,"28":0,"30":0,"35":1,"41":0,"43":0,"46":0,"50":4,"54":1}},
"H:\\Lazar\\Telerik\\JavaScript\\5. Web Applications with Node.js\\TeamWork\\NodeJS-Praetorians\\app\\routers\\auth.router\\controller.js":{"path":"H:\\Lazar\\Telerik\\JavaScript\\5. Web Applications with Node.js\\TeamWork\\NodeJS-Praetorians\\app\\routers\\auth.router\\controller.js","s":{"1":0,"2":0,"3":0,"4":0,"5":0,"6":0,"7":0,"8":0,"9":0,"10":0,"11":0,"12":0,"13":0,"14":0,"15":0,"16":0,"17":0,"18":0,"19":0,"20":0,"21":0,"22":0,"23":0,"24":0,"25":0,"26":0,"27":0,"28":0,"29":0,"30":0,"31":0,"32":0,"33":0,"34":0,"35":0,"36":0,"37":0},"b":{"1":[0,0],"2":[0,0,0,0,0,0],"3":[0,0],"4":[0,0]},"f":{"1":0,"2":0,"3":0,"4":0,"5":0,"6":0},"fnMap":{"1":{"name":"(anonymous_1)","line":7,"loc":{"start":{"line":7,"column":15},"end":{"line":7,"column":22}}},"2":{"name":"(anonymous_2)","line":11,"loc":{"start":{"line":11,"column":17},"end":{"line":11,"column":28}}},"3":{"name":"(anonymous_3)","line":14,"loc":{"start":{"line":14,"column":17},"end":{"line":14,"column":28}}},"4":{"name":"(anonymous_4)","line":17,"loc":{"start":{"line":17,"column":11},"end":{"line":17,"column":22}}},"5":{"name":"(anonymous_5)","line":22,"loc":{"start":{"line":22,"column":10},"end":{"line":22,"column":21}}},"6":{"name":"(anonymous_6)","line":56,"loc":{"start":{"line":56,"column":10},"end":{"line":56,"column":21}}}},"statementMap":{"1":{"start":{"line":1,"column":0},"end":{"line":1,"column":37}},"2":{"start":{"line":2,"column":0},"end":{"line":2,"column":51}},"3":{"start":{"line":3,"column":0},"end":{"line":3,"column":56}},"4":{"start":{"line":4,"column":0},"end":{"line":4,"column":42}},"5":{"start":{"line":8,"column":8},"end":{"line":8,"column":25}},"6":{"start":{"line":12,"column":8},"end":{"line":12,"column":42}},"7":{"start":{"line":15,"column":8},"end":{"line":15,"column":42}},"8":{"start":{"line":18,"column":8},"end":{"line":18,"column":21}},"9":{"start":{"line":19,"column":8},"end":{"line":19,"column":33}},"10":{"start":{"line":23,"column":8},"end":{"line":23,"column":34}},"11":{"start":{"line":24,"column":8},"end":{"line":24,"column":31}},"12":{"start":{"line":25,"column":8},"end":{"line":25,"column":45}},"13":{"start":{"line":26,"column":8},"end":{"line":26,"column":43}},"14":{"start":{"line":27,"column":8},"end":{"line":27,"column":35}},"15":{"start":{"line":28,"column":8},"end":{"line":28,"column":49}},"16":{"start":{"line":29,"column":8},"end":{"line":29,"column":44}},"17":{"start":{"line":30,"column":8},"end":{"line":37,"column":9}},"18":{"start":{"line":36,"column":12},"end":{"line":36,"column":42}},"19":{"start":{"line":39,"column":8},"end":{"line":39,"column":72}},"20":{"start":{"line":40,"column":8},"end":{"line":53,"column":15}},"21":{"start":{"line":42,"column":16},"end":{"line":46,"column":17}},"22":{"start":{"line":43,"column":20},"end":{"line":43,"column":59}},"23":{"start":{"line":44,"column":20},"end":{"line":44,"column":50}},"24":{"start":{"line":45,"column":19},"end":{"line":45,"column":44}},"25":{"start":{"line":47,"column":16},"end":{"line":52,"column":23}},"26":{"start":{"line":49,"column":24},"end":{"line":51,"column":27}},"27":{"start":{"line":50,"column":28},"end":{"line":50,"column":46}},"28":{"start":{"line":57,"column":8},"end":{"line":68,"column":11}},"29":{"start":{"line":58,"column":12},"end":{"line":58,"column":38}},"30":{"start":{"line":59,"column":12},"end":{"line":59,"column":76}},"31":{"start":{"line":60,"column":12},"end":{"line":67,"column":19}},"32":{"start":{"line":62,"column":20},"end":{"line":64,"column":21}},"33":{"start":{"line":63,"column":24},"end":{"line":63,"column":49}},"34":{"start":{"line":66,"column":20},"end":{"line":66,"column":57}},"35":{"start":{"line":72,"column":0},"end":{"line":74,"column":2}},"36":{"start":{"line":73,"column":4},"end":{"line":73,"column":37}},"37":{"start":{"line":76,"column":0},"end":{"line":76,"column":26}}},"branchMap":{"1":{"line":30,"type":"if","locations":[{"start":{"line":30,"column":8},"end":{"line":30,"column":8}},{"start":{"line":30,"column":8},"end":{"line":30,"column":8}}]},"2":{"line":30,"type":"binary-expr","locations":[{"start":{"line":30,"column":12},"end":{"line":30,"column":77}},{"start":{"line":31,"column":12},"end":{"line":31,"column":77}},{"start":{"line":32,"column":12},"end":{"line":32,"column":65}},{"start":{"line":33,"column":12},"end":{"line":33,"column":64}},{"start":{"line":34,"column":12},"end":{"line":34,"column":60}},{"start":{"line":35,"column":12},"end":{"line":35,"column":77}}]},"3":{"line":42,"type":"if","locations":[{"start":{"line":42,"column":16},"end":{"line":42,"column":16}},{"start":{"line":42,"column":16},"end":{"line":42,"column":16}}]},"4":{"line":62,"type":"if","locations":[{"start":{"line":62,"column":20},"end":{"line":62,"column":20}},{"start":{"line":62,"column":20},"end":{"line":62,"column":20}}]}},"l":{"1":0,"2":0,"3":0,"4":0,"8":0,"12":0,"15":0,"18":0,"19":0,"23":0,"24":0,"25":0,"26":0,"27":0,"28":0,"29":0,"30":0,"36":0,"39":0,"40":0,"42":0,"43":0,"44":0,"45":0,"47":0,"49":0,"50":0,"57":0,"58":0,"59":0,"60":0,"62":0,"63":0,"66":0,"72":0,"73":0,"76":0}},
"H:\\Lazar\\Telerik\\JavaScript\\5. Web Applications with Node.js\\TeamWork\\NodeJS-Praetorians\\app\\routers\\auth.router\\index.js":{"path":"H:\\Lazar\\Telerik\\JavaScript\\5. Web Applications with Node.js\\TeamWork\\NodeJS-Praetorians\\app\\routers\\auth.router\\index.js","s":{"1":0},"b":{},"f":{},"fnMap":{},"statementMap":{"1":{"start":{"line":1,"column":0},"end":{"line":1,"column":37}}},"branchMap":{},"l":{"1":0}},
"H:\\Lazar\\Telerik\\JavaScript\\5. Web Applications with Node.js\\TeamWork\\NodeJS-Praetorians\\app\\routers\\auth.router\\router.js":{"path":"H:\\Lazar\\Telerik\\JavaScript\\5. Web Applications with Node.js\\TeamWork\\NodeJS-Praetorians\\app\\routers\\auth.router\\router.js","s":{"1":0,"2":0,"3":0,"4":0,"5":0,"6":0,"7":0,"8":0,"9":0,"10":0,"11":0,"12":0,"13":0},"b":{},"f":{},"fnMap":{},"statementMap":{"1":{"start":{"line":1,"column":0},"end":{"line":1,"column":38}},"2":{"start":{"line":3,"column":0},"end":{"line":24,"column":2}},"3":{"start":{"line":4,"column":4},"end":{"line":4,"column":32}},"4":{"start":{"line":5,"column":4},"end":{"line":5,"column":58}},"5":{"start":{"line":7,"column":4},"end":{"line":21,"column":11}},"6":{"start":{"line":9,"column":12},"end":{"line":9,"column":48}},"7":{"start":{"line":11,"column":40},"end":{"line":11,"column":67}},"8":{"start":{"line":13,"column":12},"end":{"line":13,"column":39}},"9":{"start":{"line":16,"column":12},"end":{"line":16,"column":47}},"10":{"start":{"line":19,"column":12},"end":{"line":19,"column":25}},"11":{"start":{"line":20,"column":12},"end":{"line":20,"column":30}},"12":{"start":{"line":23,"column":0},"end":{"line":23,"column":25}},"13":{"start":{"line":26,"column":0},"end":{"line":26,"column":30}}},"branchMap":{},"l":{"1":0,"3":0,"4":0,"5":0,"7":0,"9":0,"11":0,"13":0,"16":0,"19":0,"20":0,"23":0,"26":0}},
"H:\\Lazar\\Telerik\\JavaScript\\5. Web Applications with Node.js\\TeamWork\\NodeJS-Praetorians\\app\\routers\\topics.router\\controller.js":{"path":"H:\\Lazar\\Telerik\\JavaScript\\5. Web Applications with Node.js\\TeamWork\\NodeJS-Praetorians\\app\\routers\\topics.router\\controller.js","s":{"1":0,"2":0,"3":0,"4":0,"5":0,"6":0,"7":0,"8":0,"9":0,"10":0,"11":0,"12":0,"13":0,"14":0,"15":0,"16":0,"17":0,"18":0,"19":0,"20":0,"21":0,"22":0,"23":0,"24":0,"25":0,"26":0,"27":0,"28":0,"29":0,"30":0,"31":0,"32":0,"33":0,"34":0,"35":0,"36":0,"37":0,"38":0,"39":0,"40":0,"41":0,"42":0,"43":0,"44":0,"45":0,"46":0,"47":0,"48":0,"49":0,"50":0,"51":0,"52":0,"53":0,"54":0,"55":0,"56":0},"b":{"1":[0,0],"2":[0,0],"3":[0,0]},"f":{"1":0,"2":0,"3":0,"4":0,"5":0,"6":0,"7":0},"fnMap":{"1":{"name":"(anonymous_1)","line":5,"loc":{"start":{"line":5,"column":14},"end":{"line":5,"column":25}}},"2":{"name":"(anonymous_2)","line":24,"loc":{"start":{"line":24,"column":16},"end":{"line":24,"column":27}}},"3":{"name":"(anonymous_3)","line":54,"loc":{"start":{"line":54,"column":19},"end":{"line":54,"column":30}}},"4":{"name":"(anonymous_4)","line":64,"loc":{"start":{"line":64,"column":23},"end":{"line":64,"column":34}}},"5":{"name":"(anonymous_5)","line":89,"loc":{"start":{"line":89,"column":18},"end":{"line":89,"column":29}}},"6":{"name":"(anonymous_6)","line":114,"loc":{"start":{"line":114,"column":12},"end":{"line":114,"column":23}}},"7":{"name":"(anonymous_7)","line":127,"loc":{"start":{"line":127,"column":14},"end":{"line":127,"column":25}}}},"statementMap":{"1":{"start":{"line":1,"column":0},"end":{"line":1,"column":51}},"2":{"start":{"line":3,"column":0},"end":{"line":139,"column":2}},"3":{"start":{"line":4,"column":4},"end":{"line":136,"column":6}},"4":{"start":{"line":6,"column":12},"end":{"line":6,"column":37}},"5":{"start":{"line":7,"column":12},"end":{"line":7,"column":29}},"6":{"start":{"line":8,"column":12},"end":{"line":8,"column":27}},"7":{"start":{"line":9,"column":12},"end":{"line":21,"column":19}},"8":{"start":{"line":11,"column":20},"end":{"line":11,"column":56}},"9":{"start":{"line":13,"column":20},"end":{"line":16,"column":21}},"10":{"start":{"line":14,"column":24},"end":{"line":14,"column":34}},"11":{"start":{"line":15,"column":24},"end":{"line":15,"column":56}},"12":{"start":{"line":17,"column":20},"end":{"line":17,"column":74}},"13":{"start":{"line":18,"column":20},"end":{"line":20,"column":23}},"14":{"start":{"line":25,"column":12},"end":{"line":25,"column":35}},"15":{"start":{"line":26,"column":12},"end":{"line":26,"column":45}},"16":{"start":{"line":27,"column":12},"end":{"line":33,"column":14}},"17":{"start":{"line":35,"column":12},"end":{"line":51,"column":19}},"18":{"start":{"line":37,"column":20},"end":{"line":50,"column":27}},"19":{"start":{"line":39,"column":28},"end":{"line":39,"column":48}},"20":{"start":{"line":40,"column":28},"end":{"line":40,"column":57}},"21":{"start":{"line":43,"column":28},"end":{"line":49,"column":35}},"22":{"start":{"line":45,"column":36},"end":{"line":45,"column":67}},"23":{"start":{"line":48,"column":36},"end":{"line":48,"column":65}},"24":{"start":{"line":55,"column":12},"end":{"line":55,"column":42}},"25":{"start":{"line":56,"column":12},"end":{"line":61,"column":19}},"26":{"start":{"line":58,"column":20},"end":{"line":60,"column":23}},"27":{"start":{"line":65,"column":12},"end":{"line":65,"column":43}},"28":{"start":{"line":66,"column":12},"end":{"line":66,"column":43}},"29":{"start":{"line":67,"column":12},"end":{"line":67,"column":27}},"30":{"start":{"line":68,"column":12},"end":{"line":86,"column":19}},"31":{"start":{"line":70,"column":20},"end":{"line":79,"column":21}},"32":{"start":{"line":71,"column":24},"end":{"line":71,"column":60}},"33":{"start":{"line":73,"column":24},"end":{"line":76,"column":25}},"34":{"start":{"line":74,"column":28},"end":{"line":74,"column":38}},"35":{"start":{"line":75,"column":28},"end":{"line":75,"column":60}},"36":{"start":{"line":77,"column":24},"end":{"line":78,"column":81}},"37":{"start":{"line":80,"column":20},"end":{"line":82,"column":23}},"38":{"start":{"line":85,"column":20},"end":{"line":85,"column":47}},"39":{"start":{"line":90,"column":12},"end":{"line":90,"column":43}},"40":{"start":{"line":91,"column":12},"end":{"line":111,"column":19}},"41":{"start":{"line":93,"column":20},"end":{"line":100,"column":22}},"42":{"start":{"line":101,"column":20},"end":{"line":110,"column":27}},"43":{"start":{"line":103,"column":28},"end":{"line":109,"column":35}},"44":{"start":{"line":108,"column":36},"end":{"line":108,"column":76}},"45":{"start":{"line":115,"column":12},"end":{"line":115,"column":48}},"46":{"start":{"line":116,"column":12},"end":{"line":116,"column":44}},"47":{"start":{"line":117,"column":12},"end":{"line":117,"column":43}},"48":{"start":{"line":118,"column":12},"end":{"line":124,"column":19}},"49":{"start":{"line":123,"column":20},"end":{"line":123,"column":60}},"50":{"start":{"line":128,"column":12},"end":{"line":128,"column":48}},"51":{"start":{"line":129,"column":12},"end":{"line":129,"column":44}},"52":{"start":{"line":130,"column":12},"end":{"line":130,"column":43}},"53":{"start":{"line":131,"column":12},"end":{"line":134,"column":19}},"54":{"start":{"line":133,"column":20},"end":{"line":133,"column":60}},"55":{"start":{"line":138,"column":4},"end":{"line":138,"column":22}},"56":{"start":{"line":141,"column":0},"end":{"line":141,"column":26}}},"branchMap":{"1":{"line":7,"type":"binary-expr","locations":[{"start":{"line":7,"column":19},"end":{"line":7,"column":23}},{"start":{"line":7,"column":27},"end":{"line":7,"column":28}}]},"2":{"line":66,"type":"binary-expr","locations":[{"start":{"line":66,"column":23},"end":{"line":66,"column":37}},{"start":{"line":66,"column":41},"end":{"line":66,"column":42}}]},"3":{"line":70,"type":"if","locations":[{"start":{"line":70,"column":20},"end":{"line":70,"column":20}},{"start":{"line":70,"column":20},"end":{"line":70,"column":20}}]}},"l":{"1":0,"3":0,"4":0,"6":0,"7":0,"8":0,"9":0,"11":0,"13":0,"14":0,"15":0,"17":0,"18":0,"25":0,"26":0,"27":0,"35":0,"37":0,"39":0,"40":0,"43":0,"45":0,"48":0,"55":0,"56":0,"58":0,"65":0,"66":0,"67":0,"68":0,"70":0,"71":0,"73":0,"74":0,"75":0,"77":0,"80":0,"85":0,"90":0,"91":0,"93":0,"101":0,"103":0,"108":0,"115":0,"116":0,"117":0,"118":0,"123":0,"128":0,"129":0,"130":0,"131":0,"133":0,"138":0,"141":0}},
"H:\\Lazar\\Telerik\\JavaScript\\5. Web Applications with Node.js\\TeamWork\\NodeJS-Praetorians\\app\\routers\\topics.router\\index.js":{"path":"H:\\Lazar\\Telerik\\JavaScript\\5. Web Applications with Node.js\\TeamWork\\NodeJS-Praetorians\\app\\routers\\topics.router\\index.js","s":{"1":0},"b":{},"f":{},"fnMap":{},"statementMap":{"1":{"start":{"line":1,"column":0},"end":{"line":1,"column":37}}},"branchMap":{},"l":{"1":0}},
"H:\\Lazar\\Telerik\\JavaScript\\5. Web Applications with Node.js\\TeamWork\\NodeJS-Praetorians\\app\\routers\\topics.router\\router.js":{"path":"H:\\Lazar\\Telerik\\JavaScript\\5. Web Applications with Node.js\\TeamWork\\NodeJS-Praetorians\\app\\routers\\topics.router\\router.js","s":{"1":0,"2":0,"3":0,"4":0,"5":0,"6":0,"7":0,"8":0,"9":0,"10":0,"11":0,"12":0,"13":0,"14":0,"15":0,"16":0,"17":0},"b":{"1":[0,0]},"f":{},"fnMap":{},"statementMap":{"1":{"start":{"line":1,"column":0},"end":{"line":1,"column":38}},"2":{"start":{"line":3,"column":0},"end":{"line":38,"column":2}},"3":{"start":{"line":4,"column":4},"end":{"line":4,"column":58}},"4":{"start":{"line":5,"column":4},"end":{"line":5,"column":32}},"5":{"start":{"line":7,"column":4},"end":{"line":34,"column":11}},"6":{"start":{"line":9,"column":12},"end":{"line":9,"column":47}},"7":{"start":{"line":12,"column":12},"end":{"line":12,"column":49}},"8":{"start":{"line":15,"column":12},"end":{"line":15,"column":52}},"9":{"start":{"line":18,"column":12},"end":{"line":20,"column":13}},"10":{"start":{"line":19,"column":16},"end":{"line":19,"column":49}},"11":{"start":{"line":21,"column":12},"end":{"line":21,"column":43}},"12":{"start":{"line":24,"column":12},"end":{"line":24,"column":56}},"13":{"start":{"line":27,"column":12},"end":{"line":27,"column":45}},"14":{"start":{"line":30,"column":12},"end":{"line":30,"column":47}},"15":{"start":{"line":33,"column":12},"end":{"line":33,"column":51}},"16":{"start":{"line":37,"column":4},"end":{"line":37,"column":31}},"17":{"start":{"line":40,"column":0},"end":{"line":40,"column":30}}},"branchMap":{"1":{"line":18,"type":"if","locations":[{"start":{"line":18,"column":12},"end":{"line":18,"column":12}},{"start":{"line":18,"column":12},"end":{"line":18,"column":12}}]}},"l":{"1":0,"3":0,"4":0,"5":0,"7":0,"9":0,"12":0,"15":0,"18":0,"19":0,"21":0,"24":0,"27":0,"30":0,"33":0,"37":0,"40":0}},
"H:\\Lazar\\Telerik\\JavaScript\\5. Web Applications with Node.js\\TeamWork\\NodeJS-Praetorians\\app\\routers\\users.router\\controller.js":{"path":"H:\\Lazar\\Telerik\\JavaScript\\5. Web Applications with Node.js\\TeamWork\\NodeJS-Praetorians\\app\\routers\\users.router\\controller.js","s":{"1":0,"2":0,"3":0,"4":0,"5":0,"6":0,"7":0,"8":0,"9":0,"10":0,"11":0,"12":0,"13":0,"14":0,"15":0,"16":0,"17":0,"18":0,"19":0,"20":0,"21":0},"b":{"1":[0,0],"2":[0,0],"3":[0,0]},"f":{"1":0,"2":0,"3":0},"fnMap":{"1":{"name":"(anonymous_1)","line":3,"loc":{"start":{"line":3,"column":23},"end":{"line":3,"column":34}}},"2":{"name":"(anonymous_2)","line":15,"loc":{"start":{"line":15,"column":27},"end":{"line":15,"column":38}}},"3":{"name":"(anonymous_3)","line":28,"loc":{"start":{"line":28,"column":24},"end":{"line":28,"column":35}}}},"statementMap":{"1":{"start":{"line":1,"column":0},"end":{"line":45,"column":2}},"2":{"start":{"line":2,"column":4},"end":{"line":42,"column":6}},"3":{"start":{"line":4,"column":12},"end":{"line":4,"column":45}},"4":{"start":{"line":5,"column":12},"end":{"line":13,"column":19}},"5":{"start":{"line":7,"column":20},"end":{"line":9,"column":21}},"6":{"start":{"line":8,"column":24},"end":{"line":8,"column":51}},"7":{"start":{"line":10,"column":20},"end":{"line":12,"column":23}},"8":{"start":{"line":16,"column":12},"end":{"line":16,"column":45}},"9":{"start":{"line":17,"column":12},"end":{"line":25,"column":19}},"10":{"start":{"line":19,"column":20},"end":{"line":21,"column":21}},"11":{"start":{"line":20,"column":24},"end":{"line":20,"column":51}},"12":{"start":{"line":22,"column":20},"end":{"line":24,"column":23}},"13":{"start":{"line":29,"column":12},"end":{"line":29,"column":45}},"14":{"start":{"line":30,"column":12},"end":{"line":30,"column":38}},"15":{"start":{"line":31,"column":12},"end":{"line":40,"column":19}},"16":{"start":{"line":33,"column":20},"end":{"line":35,"column":21}},"17":{"start":{"line":34,"column":24},"end":{"line":34,"column":51}},"18":{"start":{"line":36,"column":20},"end":{"line":39,"column":27}},"19":{"start":{"line":38,"column":28},"end":{"line":38,"column":54}},"20":{"start":{"line":44,"column":4},"end":{"line":44,"column":22}},"21":{"start":{"line":48,"column":0},"end":{"line":48,"column":26}}},"branchMap":{"1":{"line":7,"type":"if","locations":[{"start":{"line":7,"column":20},"end":{"line":7,"column":20}},{"start":{"line":7,"column":20},"end":{"line":7,"column":20}}]},"2":{"line":19,"type":"if","locations":[{"start":{"line":19,"column":20},"end":{"line":19,"column":20}},{"start":{"line":19,"column":20},"end":{"line":19,"column":20}}]},"3":{"line":33,"type":"if","locations":[{"start":{"line":33,"column":20},"end":{"line":33,"column":20}},{"start":{"line":33,"column":20},"end":{"line":33,"column":20}}]}},"l":{"1":0,"2":0,"4":0,"5":0,"7":0,"8":0,"10":0,"16":0,"17":0,"19":0,"20":0,"22":0,"29":0,"30":0,"31":0,"33":0,"34":0,"36":0,"38":0,"44":0,"48":0}},
"H:\\Lazar\\Telerik\\JavaScript\\5. Web Applications with Node.js\\TeamWork\\NodeJS-Praetorians\\app\\routers\\users.router\\index.js":{"path":"H:\\Lazar\\Telerik\\JavaScript\\5. Web Applications with Node.js\\TeamWork\\NodeJS-Praetorians\\app\\routers\\users.router\\index.js","s":{"1":0},"b":{},"f":{},"fnMap":{},"statementMap":{"1":{"start":{"line":1,"column":0},"end":{"line":1,"column":37}}},"branchMap":{},"l":{"1":0}},
"H:\\Lazar\\Telerik\\JavaScript\\5. Web Applications with Node.js\\TeamWork\\NodeJS-Praetorians\\app\\routers\\users.router\\router.js":{"path":"H:\\Lazar\\Telerik\\JavaScript\\5. Web Applications with Node.js\\TeamWork\\NodeJS-Praetorians\\app\\routers\\users.router\\router.js","s":{"1":0,"2":0,"3":0,"4":0,"5":0,"6":0,"7":0,"8":0,"9":0,"10":0},"b":{},"f":{},"fnMap":{},"statementMap":{"1":{"start":{"line":1,"column":0},"end":{"line":1,"column":38}},"2":{"start":{"line":3,"column":0},"end":{"line":18,"column":2}},"3":{"start":{"line":4,"column":4},"end":{"line":4,"column":58}},"4":{"start":{"line":5,"column":4},"end":{"line":5,"column":32}},"5":{"start":{"line":7,"column":4},"end":{"line":16,"column":11}},"6":{"start":{"line":9,"column":12},"end":{"line":9,"column":60}},"7":{"start":{"line":12,"column":16},"end":{"line":12,"column":60}},"8":{"start":{"line":15,"column":12},"end":{"line":15,"column":57}},"9":{"start":{"line":17,"column":4},"end":{"line":17,"column":30}},"10":{"start":{"line":19,"column":0},"end":{"line":19,"column":30}}},"branchMap":{},"l":{"1":0,"3":0,"4":0,"5":0,"7":0,"9":0,"12":0,"15":0,"17":0,"19":0}},
"H:\\Lazar\\Telerik\\JavaScript\\5. Web Applications with Node.js\\TeamWork\\NodeJS-Praetorians\\app\\app.js":{"path":"H:\\Lazar\\Telerik\\JavaScript\\5. Web Applications with Node.js\\TeamWork\\NodeJS-Praetorians\\app\\app.js","s":{"1":0,"2":0,"3":0,"4":0,"5":0,"6":0,"7":0,"8":0,"9":0,"10":0,"11":0,"12":0,"13":0,"14":0,"15":0,"16":0},"b":{},"f":{},"fnMap":{},"statementMap":{"1":{"start":{"line":2,"column":0},"end":{"line":2,"column":35}},"2":{"start":{"line":3,"column":0},"end":{"line":3,"column":29}},"3":{"start":{"line":4,"column":0},"end":{"line":4,"column":42}},"4":{"start":{"line":6,"column":0},"end":{"line":25,"column":2}},"5":{"start":{"line":7,"column":4},"end":{"line":7,"column":26}},"6":{"start":{"line":9,"column":4},"end":{"line":9,"column":58}},"7":{"start":{"line":10,"column":4},"end":{"line":10,"column":52}},"8":{"start":{"line":12,"column":4},"end":{"line":12,"column":61}},"9":{"start":{"line":13,"column":4},"end":{"line":13,"column":47}},"10":{"start":{"line":15,"column":4},"end":{"line":15,"column":31}},"11":{"start":{"line":16,"column":4},"end":{"line":16,"column":55}},"12":{"start":{"line":18,"column":4},"end":{"line":18,"column":41}},"13":{"start":{"line":20,"column":4},"end":{"line":20,"column":34}},"14":{"start":{"line":21,"column":4},"end":{"line":22,"column":29}},"15":{"start":{"line":24,"column":4},"end":{"line":24,"column":32}},"16":{"start":{"line":27,"column":0},"end":{"line":29,"column":2}}},"branchMap":{},"l":{"2":0,"3":0,"4":0,"6":0,"7":0,"9":0,"10":0,"12":0,"13":0,"15":0,"16":0,"18":0,"20":0,"21":0,"24":0,"27":0}},
"H:\\Lazar\\Telerik\\JavaScript\\5. Web Applications with Node.js\\TeamWork\\NodeJS-Praetorians\\app\\index.js":{"path":"H:\\Lazar\\Telerik\\JavaScript\\5. Web Applications with Node.js\\TeamWork\\NodeJS-Praetorians\\app\\index.js","s":{"1":0},"b":{},"f":{},"fnMap":{},"statementMap":{"1":{"start":{"line":1,"column":0},"end":{"line":1,"column":34}}},"branchMap":{},"l":{"1":0}},
"H:\\Lazar\\Telerik\\JavaScript\\5. Web Applications with Node.js\\TeamWork\\NodeJS-Praetorians\\app\\auth\\auth.js":{"path":"H:\\Lazar\\Telerik\\JavaScript\\5. Web Applications with Node.js\\TeamWork\\NodeJS-Praetorians\\app\\auth\\auth.js","s":{"1":0,"2":0,"3":0,"4":0,"5":0,"6":0,"7":0,"8":0,"9":0,"10":0,"11":0,"12":0,"13":0,"14":0,"15":0,"16":0,"17":0,"18":0,"19":0,"20":0,"21":0,"22":0,"23":0},"b":{},"f":{},"fnMap":{},"statementMap":{"1":{"start":{"line":1,"column":0},"end":{"line":1,"column":43}},"2":{"start":{"line":2,"column":0},"end":{"line":2,"column":37}},"3":{"start":{"line":3,"column":0},"end":{"line":3,"column":47}},"4":{"start":{"line":4,"column":0},"end":{"line":4,"column":53}},"5":{"start":{"line":6,"column":0},"end":{"line":6,"column":39}},"6":{"start":{"line":8,"column":0},"end":{"line":50,"column":2}},"7":{"start":{"line":9,"column":4},"end":{"line":20,"column":8}},"8":{"start":{"line":10,"column":8},"end":{"line":19,"column":15}},"9":{"start":{"line":12,"column":16},"end":{"line":12,"column":59}},"10":{"start":{"line":15,"column":16},"end":{"line":15,"column":33}},"11":{"start":{"line":18,"column":16},"end":{"line":18,"column":34}},"12":{"start":{"line":22,"column":4},"end":{"line":27,"column":8}},"13":{"start":{"line":29,"column":4},"end":{"line":29,"column":35}},"14":{"start":{"line":30,"column":4},"end":{"line":30,"column":32}},"15":{"start":{"line":32,"column":4},"end":{"line":34,"column":7}},"16":{"start":{"line":33,"column":8},"end":{"line":33,"column":29}},"17":{"start":{"line":36,"column":4},"end":{"line":41,"column":7}},"18":{"start":{"line":37,"column":8},"end":{"line":40,"column":34}},"19":{"start":{"line":39,"column":16},"end":{"line":39,"column":33}},"20":{"start":{"line":43,"column":4},"end":{"line":49,"column":7}},"21":{"start":{"line":44,"column":8},"end":{"line":46,"column":10}},"22":{"start":{"line":48,"column":8},"end":{"line":48,"column":15}},"23":{"start":{"line":52,"column":0},"end":{"line":52,"column":29}}},"branchMap":{},"l":{"1":0,"2":0,"3":0,"4":0,"6":0,"8":0,"9":0,"10":0,"12":0,"15":0,"18":0,"22":0,"29":0,"30":0,"32":0,"33":0,"36":0,"37":0,"39":0,"43":0,"44":0,"48":0,"52":0}},
"H:\\Lazar\\Telerik\\JavaScript\\5. Web Applications with Node.js\\TeamWork\\NodeJS-Praetorians\\app\\auth\\index.js":{"path":"H:\\Lazar\\Telerik\\JavaScript\\5. Web Applications with Node.js\\TeamWork\\NodeJS-Praetorians\\app\\auth\\index.js","s":{"1":0},"b":{},"f":{},"fnMap":{},"statementMap":{"1":{"start":{"line":1,"column":0},"end":{"line":1,"column":35}}},"branchMap":{},"l":{"1":0}},
"H:\\Lazar\\Telerik\\JavaScript\\5. Web Applications with Node.js\\TeamWork\\NodeJS-Praetorians\\app\\routers\\index.js":{"path":"H:\\Lazar\\Telerik\\JavaScript\\5. Web Applications with Node.js\\TeamWork\\NodeJS-Praetorians\\app\\routers\\index.js","s":{"1":0},"b":{},"f":{},"fnMap":{},"statementMap":{"1":{"start":{"line":1,"column":0},"end":{"line":1,"column":38}}},"branchMap":{},"l":{"1":0}},
"H:\\Lazar\\Telerik\\JavaScript\\5. Web Applications with Node.js\\TeamWork\\NodeJS-Praetorians\\app\\routers\\routers.js":{"path":"H:\\Lazar\\Telerik\\JavaScript\\5. Web Applications with Node.js\\TeamWork\\NodeJS-Praetorians\\app\\routers\\routers.js","s":{"1":0,"2":0,"3":0,"4":0,"5":0,"6":0,"7":0,"8":0,"9":0,"10":0,"11":0,"12":0},"b":{},"f":{},"fnMap":{},"statementMap":{"1":{"start":{"line":3,"column":0},"end":{"line":3,"column":25}},"2":{"start":{"line":4,"column":0},"end":{"line":4,"column":29}},"3":{"start":{"line":6,"column":0},"end":{"line":21,"column":2}},"4":{"start":{"line":7,"column":4},"end":{"line":9,"column":7}},"5":{"start":{"line":8,"column":8},"end":{"line":8,"column":34}},"6":{"start":{"line":11,"column":4},"end":{"line":16,"column":11}},"7":{"start":{"line":12,"column":26},"end":{"line":12,"column":50}},"8":{"start":{"line":14,"column":12},"end":{"line":14,"column":58}},"9":{"start":{"line":15,"column":12},"end":{"line":15,"column":52}},"10":{"start":{"line":18,"column":4},"end":{"line":20,"column":7}},"11":{"start":{"line":19,"column":8},"end":{"line":19,"column":35}},"12":{"start":{"line":23,"column":0},"end":{"line":23,"column":30}}},"branchMap":{},"l":{"3":0,"4":0,"6":0,"7":0,"8":0,"11":0,"12":0,"14":0,"15":0,"18":0,"19":0,"23":0}},
"H:\\Lazar\\Telerik\\JavaScript\\5. Web Applications with Node.js\\TeamWork\\NodeJS-Praetorians\\config\\config.js":{"path":"H:\\Lazar\\Telerik\\JavaScript\\5. Web Applications with Node.js\\TeamWork\\NodeJS-Praetorians\\config\\config.js","s":{"1":0,"2":0,"3":0,"4":0},"b":{},"f":{},"fnMap":{},"statementMap":{"1":{"start":{"line":1,"column":0},"end":{"line":1,"column":18}},"2":{"start":{"line":2,"column":0},"end":{"line":2,"column":56}},"3":{"start":{"line":3,"column":0},"end":{"line":3,"column":36}},"4":{"start":{"line":5,"column":0},"end":{"line":5,"column":59}}},"branchMap":{},"l":{"1":0,"2":0,"3":0,"5":0}},
"H:\\Lazar\\Telerik\\JavaScript\\5. Web Applications with Node.js\\TeamWork\\NodeJS-Praetorians\\config\\index.js":{"path":"H:\\Lazar\\Telerik\\JavaScript\\5. Web Applications with Node.js\\TeamWork\\NodeJS-Praetorians\\config\\index.js","s":{"1":0},"b":{},"f":{},"fnMap":{},"statementMap":{"1":{"start":{"line":1,"column":0},"end":{"line":1,"column":37}}},"branchMap":{},"l":{"1":0}},
"H:\\Lazar\\Telerik\\JavaScript\\5. Web Applications with Node.js\\TeamWork\\NodeJS-Praetorians\\db\\db.js":{"path":"H:\\Lazar\\Telerik\\JavaScript\\5. Web Applications with Node.js\\TeamWork\\NodeJS-Praetorians\\db\\db.js","s":{"1":0,"2":0,"3":0,"4":0,"5":0},"b":{},"f":{},"fnMap":{},"statementMap":{"1":{"start":{"line":2,"column":0},"end":{"line":2,"column":43}},"2":{"start":{"line":4,"column":0},"end":{"line":9,"column":2}},"3":{"start":{"line":5,"column":4},"end":{"line":8,"column":11}},"4":{"start":{"line":7,"column":12},"end":{"line":7,"column":22}},"5":{"start":{"line":11,"column":0},"end":{"line":11,"column":26}}},"branchMap":{},"l":{"2":0,"4":0,"5":0,"7":0,"11":0}},
"H:\\Lazar\\Telerik\\JavaScript\\5. Web Applications with Node.js\\TeamWork\\NodeJS-Praetorians\\db\\index.js":{"path":"H:\\Lazar\\Telerik\\JavaScript\\5. Web Applications with Node.js\\TeamWork\\NodeJS-Praetorians\\db\\index.js","s":{"1":0},"b":{},"f":{},"fnMap":{},"statementMap":{"1":{"start":{"line":1,"column":0},"end":{"line":1,"column":33}}},"branchMap":{},"l":{"1":0}},
"H:\\Lazar\\Telerik\\JavaScript\\5. Web Applications with Node.js\\TeamWork\\NodeJS-Praetorians\\models\\comment.model.js":{"path":"H:\\Lazar\\Telerik\\JavaScript\\5. Web Applications with Node.js\\TeamWork\\NodeJS-Praetorians\\models\\comment.model.js","s":{"1":0,"2":0,"3":0,"4":0,"5":0,"6":0,"7":0,"8":0,"9":0,"10":0,"11":0,"12":0,"13":0,"14":0,"15":0,"16":0,"17":0},"b":{},"f":{"1":0,"2":0,"3":0,"4":0,"5":0,"6":0,"7":0,"8":0,"9":0},"fnMap":{"1":{"name":"(anonymous_1)","line":2,"loc":{"start":{"line":2,"column":15},"end":{"line":2,"column":59}}},"2":{"name":"(anonymous_2)","line":10,"loc":{"start":{"line":10,"column":15},"end":{"line":10,"column":18}}},"3":{"name":"(anonymous_3)","line":13,"loc":{"start":{"line":13,"column":13},"end":{"line":13,"column":16}}},"4":{"name":"(anonymous_4)","line":16,"loc":{"start":{"line":16,"column":16},"end":{"line":16,"column":19}}},"5":{"name":"(anonymous_5)","line":20,"loc":{"start":{"line":20,"column":14},"end":{"line":20,"column":17}}},"6":{"name":"(anonymous_6)","line":24,"loc":{"start":{"line":24,"column":15},"end":{"line":24,"column":18}}},"7":{"name":"(anonymous_7)","line":28,"loc":{"start":{"line":28,"column":10},"end":{"line":28,"column":13}}},"8":{"name":"(anonymous_8)","line":32,"loc":{"start":{"line":32,"column":18},"end":{"line":32,"column":26}}},"9":{"name":"(anonymous_9)","line":39,"loc":{"start":{"line":39,"column":22},"end":{"line":39,"column":30}}}},"statementMap":{"1":{"start":{"line":3,"column":8},"end":{"line":3,"column":32}},"2":{"start":{"line":4,"column":8},"end":{"line":4,"column":28}},"3":{"start":{"line":5,"column":8},"end":{"line":5,"column":34}},"4":{"start":{"line":6,"column":8},"end":{"line":6,"column":30}},"5":{"start":{"line":7,"column":8},"end":{"line":7,"column":32}},"6":{"start":{"line":11,"column":8},"end":{"line":11,"column":29}},"7":{"start":{"line":14,"column":8},"end":{"line":14,"column":27}},"8":{"start":{"line":17,"column":8},"end":{"line":17,"column":30}},"9":{"start":{"line":21,"column":8},"end":{"line":21,"column":28}},"10":{"start":{"line":25,"column":8},"end":{"line":25,"column":29}},"11":{"start":{"line":29,"column":8},"end":{"line":29,"column":24}},"12":{"start":{"line":33,"column":8},"end":{"line":33,"column":20}},"13":{"start":{"line":40,"column":8},"end":{"line":40,"column":40}},"14":{"start":{"line":42,"column":8},"end":{"line":45,"column":15}},"15":{"start":{"line":44,"column":16},"end":{"line":44,"column":46}},"16":{"start":{"line":47,"column":8},"end":{"line":47,"column":25}},"17":{"start":{"line":51,"column":0},"end":{"line":51,"column":25}}},"branchMap":{},"l":{"3":0,"4":0,"5":0,"6":0,"7":0,"11":0,"14":0,"17":0,"21":0,"25":0,"29":0,"33":0,"40":0,"42":0,"44":0,"47":0,"51":0}},
"H:\\Lazar\\Telerik\\JavaScript\\5. Web Applications with Node.js\\TeamWork\\NodeJS-Praetorians\\models\\topic.model.js":{"path":"H:\\Lazar\\Telerik\\JavaScript\\5. Web Applications with Node.js\\TeamWork\\NodeJS-Praetorians\\models\\topic.model.js","s":{"1":0,"2":0,"3":0,"4":0,"5":0,"6":0,"7":0,"8":0,"9":0,"10":0,"11":0,"12":0},"b":{},"f":{"1":0,"2":0,"3":0,"4":0,"5":0,"6":0,"7":0},"fnMap":{"1":{"name":"(anonymous_1)","line":2,"loc":{"start":{"line":2,"column":15},"end":{"line":2,"column":32}}},"2":{"name":"(anonymous_2)","line":7,"loc":{"start":{"line":7,"column":13},"end":{"line":7,"column":16}}},"3":{"name":"(anonymous_3)","line":11,"loc":{"start":{"line":11,"column":16},"end":{"line":11,"column":19}}},"4":{"name":"(anonymous_4)","line":15,"loc":{"start":{"line":15,"column":15},"end":{"line":15,"column":18}}},"5":{"name":"(anonymous_5)","line":19,"loc":{"start":{"line":19,"column":10},"end":{"line":19,"column":13}}},"6":{"name":"(anonymous_6)","line":23,"loc":{"start":{"line":23,"column":18},"end":{"line":23,"column":26}}},"7":{"name":"(anonymous_7)","line":30,"loc":{"start":{"line":30,"column":22},"end":{"line":30,"column":30}}}},"statementMap":{"1":{"start":{"line":3,"column":8},"end":{"line":3,"column":28}},"2":{"start":{"line":4,"column":8},"end":{"line":4,"column":32}},"3":{"start":{"line":8,"column":8},"end":{"line":8,"column":27}},"4":{"start":{"line":12,"column":8},"end":{"line":12,"column":30}},"5":{"start":{"line":16,"column":8},"end":{"line":16,"column":29}},"6":{"start":{"line":20,"column":8},"end":{"line":20,"column":24}},"7":{"start":{"line":24,"column":8},"end":{"line":24,"column":20}},"8":{"start":{"line":31,"column":8},"end":{"line":31,"column":38}},"9":{"start":{"line":33,"column":8},"end":{"line":36,"column":15}},"10":{"start":{"line":35,"column":16},"end":{"line":35,"column":46}},"11":{"start":{"line":38,"column":8},"end":{"line":38,"column":25}},"12":{"start":{"line":42,"column":0},"end":{"line":42,"column":23}}},"branchMap":{},"l":{"3":0,"4":0,"8":0,"12":0,"16":0,"20":0,"24":0,"31":0,"33":0,"35":0,"38":0,"42":0}},
"H:\\Lazar\\Telerik\\JavaScript\\5. Web Applications with Node.js\\TeamWork\\NodeJS-Praetorians\\models\\user.model.js":{"path":"H:\\Lazar\\Telerik\\JavaScript\\5. Web Applications with Node.js\\TeamWork\\NodeJS-Praetorians\\models\\user.model.js","s":{"1":0,"2":0,"3":0,"4":0,"5":0,"6":0,"7":0,"8":0,"9":0,"10":0,"11":0,"12":0,"13":0,"14":0,"15":0,"16":0,"17":0},"b":{},"f":{"1":0,"2":0,"3":0,"4":0,"5":0,"6":0,"7":0,"8":0,"9":0},"fnMap":{"1":{"name":"(anonymous_1)","line":2,"loc":{"start":{"line":2,"column":15},"end":{"line":2,"column":63}}},"2":{"name":"(anonymous_2)","line":10,"loc":{"start":{"line":10,"column":16},"end":{"line":10,"column":19}}},"3":{"name":"(anonymous_3)","line":14,"loc":{"start":{"line":14,"column":16},"end":{"line":14,"column":19}}},"4":{"name":"(anonymous_4)","line":18,"loc":{"start":{"line":18,"column":17},"end":{"line":18,"column":20}}},"5":{"name":"(anonymous_5)","line":22,"loc":{"start":{"line":22,"column":16},"end":{"line":22,"column":19}}},"6":{"name":"(anonymous_6)","line":26,"loc":{"start":{"line":26,"column":12},"end":{"line":26,"column":15}}},"7":{"name":"(anonymous_7)","line":30,"loc":{"start":{"line":30,"column":10},"end":{"line":30,"column":13}}},"8":{"name":"(anonymous_8)","line":34,"loc":{"start":{"line":34,"column":18},"end":{"line":34,"column":26}}},"9":{"name":"(anonymous_9)","line":38,"loc":{"start":{"line":38,"column":22},"end":{"line":38,"column":30}}}},"statementMap":{"1":{"start":{"line":3,"column":8},"end":{"line":3,"column":34}},"2":{"start":{"line":4,"column":8},"end":{"line":4,"column":34}},"3":{"start":{"line":5,"column":8},"end":{"line":5,"column":36}},"4":{"start":{"line":6,"column":8},"end":{"line":6,"column":34}},"5":{"start":{"line":7,"column":8},"end":{"line":7,"column":26}},"6":{"start":{"line":11,"column":8},"end":{"line":11,"column":30}},"7":{"start":{"line":15,"column":8},"end":{"line":15,"column":30}},"8":{"start":{"line":19,"column":8},"end":{"line":19,"column":31}},"9":{"start":{"line":23,"column":8},"end":{"line":23,"column":30}},"10":{"start":{"line":27,"column":8},"end":{"line":27,"column":26}},"11":{"start":{"line":31,"column":8},"end":{"line":31,"column":24}},"12":{"start":{"line":35,"column":8},"end":{"line":35,"column":20}},"13":{"start":{"line":39,"column":8},"end":{"line":39,"column":37}},"14":{"start":{"line":41,"column":8},"end":{"line":44,"column":15}},"15":{"start":{"line":43,"column":16},"end":{"line":43,"column":46}},"16":{"start":{"line":46,"column":12},"end":{"line":46,"column":29}},"17":{"start":{"line":50,"column":0},"end":{"line":50,"column":22}}},"branchMap":{},"l":{"3":0,"4":0,"5":0,"6":0,"7":0,"11":0,"15":0,"19":0,"23":0,"27":0,"31":0,"35":0,"39":0,"41":0,"43":0,"46":0,"50":0}},
"H:\\Lazar\\Telerik\\JavaScript\\5. Web Applications with Node.js\\TeamWork\\NodeJS-Praetorians\\server.js":{"path":"H:\\Lazar\\Telerik\\JavaScript\\5. Web Applications with Node.js\\TeamWork\\NodeJS-Praetorians\\server.js","s":{"1":0,"2":0,"3":0,"4":0,"5":0,"6":0,"7":0,"8":0,"9":0},"b":{},"f":{},"fnMap":{},"statementMap":{"1":{"start":{"line":4,"column":0},"end":{"line":6,"column":2}},"2":{"start":{"line":5,"column":4},"end":{"line":5,"column":29}},"3":{"start":{"line":8,"column":0},"end":{"line":8,"column":35}},"4":{"start":{"line":10,"column":0},"end":{"line":16,"column":7}},"5":{"start":{"line":11,"column":16},"end":{"line":11,"column":61}},"6":{"start":{"line":12,"column":18},"end":{"line":12,"column":44}},"7":{"start":{"line":13,"column":20},"end":{"line":13,"column":47}},"8":{"start":{"line":15,"column":8},"end":{"line":15,"column":67}},"9":{"start":{"line":15,"column":38},"end":{"line":15,"column":65}}},"branchMap":{},"l":{"4":0,"5":0,"8":0,"10":0,"11":0,"12":0,"13":0,"15":0}},
"H:\\Lazar\\Telerik\\JavaScript\\5. Web Applications with Node.js\\TeamWork\\NodeJS-Praetorians\\helpers\\helpers.js":{"path":"H:\\Lazar\\Telerik\\JavaScript\\5. Web Applications with Node.js\\TeamWork\\NodeJS-Praetorians\\helpers\\helpers.js","s":{"1":0,"2":0,"3":0,"4":0,"5":0,"6":0,"7":0,"8":0,"9":0},"b":{},"f":{},"fnMap":{},"statementMap":{"1":{"start":{"line":1,"column":0},"end":{"line":6,"column":2}},"2":{"start":{"line":2,"column":4},"end":{"line":2,"column":28}},"3":{"start":{"line":3,"column":4},"end":{"line":5,"column":53}},"4":{"start":{"line":8,"column":0},"end":{"line":20,"column":6}},"5":{"start":{"line":11,"column":12},"end":{"line":11,"column":39}},"6":{"start":{"line":12,"column":12},"end":{"line":16,"column":13}},"7":{"start":{"line":13,"column":16},"end":{"line":15,"column":52}},"8":{"start":{"line":18,"column":12},"end":{"line":18,"column":37}},"9":{"start":{"line":22,"column":0},"end":{"line":25,"column":2}}},"branchMap":{},"l":{"1":0,"2":0,"3":0,"8":0,"11":0,"12":0,"13":0,"18":0,"22":0}},
"H:\\Lazar\\Telerik\\JavaScript\\5. Web Applications with Node.js\\TeamWork\\NodeJS-Praetorians\\helpers\\index.js":{"path":"H:\\Lazar\\Telerik\\JavaScript\\5. Web Applications with Node.js\\TeamWork\\NodeJS-Praetorians\\helpers\\index.js","s":{"1":0},"b":{},"f":{},"fnMap":{},"statementMap":{"1":{"start":{"line":1,"column":0},"end":{"line":1,"column":37}}},"branchMap":{},"l":{"1":0}},
"H:\\Lazar\\Telerik\\JavaScript\\5. Web Applications with Node.js\\TeamWork\\NodeJS-Praetorians\\helpers\\validator.js":{"path":"H:\\Lazar\\Telerik\\JavaScript\\5. Web Applications with Node.js\\TeamWork\\NodeJS-Praetorians\\helpers\\validator.js","s":{"1":1,"2":1,"3":1,"4":4,"5":4,"6":1,"7":1,"8":1,"9":3,"10":2,"11":2,"12":2,"13":1,"14":0,"15":0,"16":0,"17":1,"18":1,"19":1,"20":1,"21":0,"22":1,"23":5,"24":5,"25":1,"26":1,"27":1,"28":4,"29":2,"30":2,"31":2,"32":2,"33":1,"34":1,"35":1,"36":1,"37":1,"38":1,"39":1,"40":0,"41":1,"42":1,"43":1,"44":1,"45":1,"46":1,"47":1,"48":0,"49":1,"50":0,"51":0,"52":0,"53":0,"54":0,"55":0,"56":0,"57":0,"58":0,"59":0,"60":0,"61":1,"62":2,"63":2,"64":2,"65":1,"66":1,"67":1,"68":1,"69":1,"70":1,"71":1,"72":0,"73":1,"74":1,"75":1,"76":1,"77":1,"78":1,"79":1,"80":1,"81":0,"82":1},"b":{"1":[1,3],"2":[4,3],"3":[2,1],"4":[0,1],"5":[1,0],"6":[1,4],"7":[5,4],"8":[2,2],"9":[4,3],"10":[1,1],"11":[1,0],"12":[1,0],"13":[1,0,0],"14":[1,0],"15":[0,0],"16":[0,0,0],"17":[0,0],"18":[0,0],"19":[2,0],"20":[1,1],"21":[1,0],"22":[1,0],"23":[1,0]},"f":{},"fnMap":{},"statementMap":{"1":{"start":{"line":1,"column":0},"end":{"line":1,"column":42}},"2":{"start":{"line":2,"column":0},"end":{"line":2,"column":44}},"3":{"start":{"line":4,"column":0},"end":{"line":33,"column":2}},"4":{"start":{"line":5,"column":4},"end":{"line":5,"column":77}},"5":{"start":{"line":6,"column":4},"end":{"line":10,"column":5}},"6":{"start":{"line":7,"column":8},"end":{"line":7,"column":42}},"7":{"start":{"line":8,"column":8},"end":{"line":8,"column":40}},"8":{"start":{"line":9,"column":8},"end":{"line":9,"column":21}},"9":{"start":{"line":12,"column":4},"end":{"line":16,"column":5}},"10":{"start":{"line":13,"column":8},"end":{"line":13,"column":66}},"11":{"start":{"line":14,"column":8},"end":{"line":14,"column":40}},"12":{"start":{"line":15,"column":8},"end":{"line":15,"column":21}},"13":{"start":{"line":18,"column":4},"end":{"line":24,"column":5}},"14":{"start":{"line":19,"column":8},"end":{"line":21,"column":10}},"15":{"start":{"line":22,"column":8},"end":{"line":22,"column":40}},"16":{"start":{"line":23,"column":8},"end":{"line":23,"column":21}},"17":{"start":{"line":26,"column":4},"end":{"line":30,"column":5}},"18":{"start":{"line":27,"column":8},"end":{"line":27,"column":66}},"19":{"start":{"line":28,"column":8},"end":{"line":28,"column":40}},"20":{"start":{"line":29,"column":8},"end":{"line":29,"column":21}},"21":{"start":{"line":32,"column":4},"end":{"line":32,"column":16}},"22":{"start":{"line":35,"column":0},"end":{"line":63,"column":2}},"23":{"start":{"line":36,"column":4},"end":{"line":36,"column":77}},"24":{"start":{"line":37,"column":4},"end":{"line":41,"column":5}},"25":{"start":{"line":38,"column":8},"end":{"line":38,"column":42}},"26":{"start":{"line":39,"column":8},"end":{"line":39,"column":40}},"27":{"start":{"line":40,"column":8},"end":{"line":40,"column":21}},"28":{"start":{"line":43,"column":4},"end":{"line":47,"column":5}},"29":{"start":{"line":44,"column":8},"end":{"line":44,"column":73}},"30":{"start":{"line":45,"column":8},"end":{"line":45,"column":40}},"31":{"start":{"line":46,"column":8},"end":{"line":46,"column":21}},"32":{"start":{"line":49,"column":4},"end":{"line":55,"column":5}},"33":{"start":{"line":50,"column":8},"end":{"line":52,"column":10}},"34":{"start":{"line":53,"column":8},"end":{"line":53,"column":40}},"35":{"start":{"line":54,"column":8},"end":{"line":54,"column":21}},"36":{"start":{"line":57,"column":4},"end":{"line":61,"column":5}},"37":{"start":{"line":58,"column":8},"end":{"line":58,"column":66}},"38":{"start":{"line":59,"column":8},"end":{"line":59,"column":40}},"39":{"start":{"line":60,"column":8},"end":{"line":60,"column":21}},"40":{"start":{"line":62,"column":4},"end":{"line":62,"column":16}},"41":{"start":{"line":65,"column":0},"end":{"line":76,"column":2}},"42":{"start":{"line":66,"column":4},"end":{"line":66,"column":77}},"43":{"start":{"line":68,"column":4},"end":{"line":74,"column":5}},"44":{"start":{"line":69,"column":8},"end":{"line":73,"column":9}},"45":{"start":{"line":70,"column":12},"end":{"line":70,"column":75}},"46":{"start":{"line":71,"column":12},"end":{"line":71,"column":44}},"47":{"start":{"line":72,"column":12},"end":{"line":72,"column":25}},"48":{"start":{"line":75,"column":4},"end":{"line":75,"column":16}},"49":{"start":{"line":78,"column":0},"end":{"line":95,"column":2}},"50":{"start":{"line":79,"column":4},"end":{"line":79,"column":69}},"51":{"start":{"line":81,"column":4},"end":{"line":93,"column":5}},"52":{"start":{"line":82,"column":8},"end":{"line":86,"column":9}},"53":{"start":{"line":83,"column":12},"end":{"line":83,"column":70}},"54":{"start":{"line":84,"column":12},"end":{"line":84,"column":44}},"55":{"start":{"line":85,"column":12},"end":{"line":85,"column":25}},"56":{"start":{"line":88,"column":8},"end":{"line":92,"column":9}},"57":{"start":{"line":89,"column":12},"end":{"line":89,"column":70}},"58":{"start":{"line":90,"column":12},"end":{"line":90,"column":44}},"59":{"start":{"line":91,"column":12},"end":{"line":91,"column":25}},"60":{"start":{"line":94,"column":4},"end":{"line":94,"column":16}},"61":{"start":{"line":97,"column":0},"end":{"line":113,"column":2}},"62":{"start":{"line":98,"column":4},"end":{"line":98,"column":77}},"63":{"start":{"line":100,"column":4},"end":{"line":111,"column":5}},"64":{"start":{"line":101,"column":8},"end":{"line":105,"column":9}},"65":{"start":{"line":102,"column":12},"end":{"line":102,"column":66}},"66":{"start":{"line":103,"column":12},"end":{"line":103,"column":44}},"67":{"start":{"line":104,"column":12},"end":{"line":104,"column":25}},"68":{"start":{"line":106,"column":8},"end":{"line":110,"column":9}},"69":{"start":{"line":107,"column":12},"end":{"line":107,"column":75}},"70":{"start":{"line":108,"column":12},"end":{"line":108,"column":44}},"71":{"start":{"line":109,"column":12},"end":{"line":109,"column":25}},"72":{"start":{"line":112,"column":4},"end":{"line":112,"column":16}},"73":{"start":{"line":115,"column":0},"end":{"line":127,"column":2}},"74":{"start":{"line":116,"column":4},"end":{"line":116,"column":77}},"75":{"start":{"line":117,"column":4},"end":{"line":117,"column":140}},"76":{"start":{"line":119,"column":4},"end":{"line":125,"column":5}},"77":{"start":{"line":120,"column":8},"end":{"line":124,"column":9}},"78":{"start":{"line":121,"column":12},"end":{"line":121,"column":49}},"79":{"start":{"line":122,"column":12},"end":{"line":122,"column":44}},"80":{"start":{"line":123,"column":12},"end":{"line":123,"column":25}},"81":{"start":{"line":126,"column":4},"end":{"line":126,"column":16}},"82":{"start":{"line":129,"column":0},"end":{"line":136,"column":2}}},"branchMap":{"1":{"line":6,"type":"if","locations":[{"start":{"line":6,"column":4},"end":{"line":6,"column":4}},{"start":{"line":6,"column":4},"end":{"line":6,"column":4}}]},"2":{"line":6,"type":"binary-expr","locations":[{"start":{"line":6,"column":8},"end":{"line":6,"column":23}},{"start":{"line":6,"column":27},"end":{"line":6,"column":44}}]},"3":{"line":12,"type":"if","locations":[{"start":{"line":12,"column":4},"end":{"line":12,"column":4}},{"start":{"line":12,"column":4},"end":{"line":12,"column":4}}]},"4":{"line":18,"type":"if","locations":[{"start":{"line":18,"column":4},"end":{"line":18,"column":4}},{"start":{"line":18,"column":4},"end":{"line":18,"column":4}}]},"5":{"line":26,"type":"if","locations":[{"start":{"line":26,"column":4},"end":{"line":26,"column":4}},{"start":{"line":26,"column":4},"end":{"line":26,"column":4}}]},"6":{"line":37,"type":"if","locations":[{"start":{"line":37,"column":4},"end":{"line":37,"column":4}},{"start":{"line":37,"column":4},"end":{"line":37,"column":4}}]},"7":{"line":37,"type":"binary-expr","locations":[{"start":{"line":37,"column":8},"end":{"line":37,"column":23}},{"start":{"line":37,"column":27},"end":{"line":37,"column":44}}]},"8":{"line":43,"type":"if","locations":[{"start":{"line":43,"column":4},"end":{"line":43,"column":4}},{"start":{"line":43,"column":4},"end":{"line":43,"column":4}}]},"9":{"line":43,"type":"binary-expr","locations":[{"start":{"line":43,"column":8},"end":{"line":43,"column":27}},{"start":{"line":43,"column":31},"end":{"line":43,"column":59}}]},"10":{"line":49,"type":"if","locations":[{"start":{"line":49,"column":4},"end":{"line":49,"column":4}},{"start":{"line":49,"column":4},"end":{"line":49,"column":4}}]},"11":{"line":57,"type":"if","locations":[{"start":{"line":57,"column":4},"end":{"line":57,"column":4}},{"start":{"line":57,"column":4},"end":{"line":57,"column":4}}]},"12":{"line":68,"type":"if","locations":[{"start":{"line":68,"column":4},"end":{"line":68,"column":4}},{"start":{"line":68,"column":4},"end":{"line":68,"column":4}}]},"13":{"line":68,"type":"binary-expr","locations":[{"start":{"line":68,"column":8},"end":{"line":68,"column":21}},{"start":{"line":68,"column":25},"end":{"line":68,"column":36}},{"start":{"line":68,"column":40},"end":{"line":68,"column":60}}]},"14":{"line":69,"type":"if","locations":[{"start":{"line":69,"column":8},"end":{"line":69,"column":8}},{"start":{"line":69,"column":8},"end":{"line":69,"column":8}}]},"15":{"line":81,"type":"if","locations":[{"start":{"line":81,"column":4},"end":{"line":81,"column":4}},{"start":{"line":81,"column":4},"end":{"line":81,"column":4}}]},"16":{"line":81,"type":"binary-expr","locations":[{"start":{"line":81,"column":8},"end":{"line":81,"column":25}},{"start":{"line":81,"column":29},"end":{"line":81,"column":44}},{"start":{"line":81,"column":48},"end":{"line":81,"column":72}}]},"17":{"line":82,"type":"if","locations":[{"start":{"line":82,"column":8},"end":{"line":82,"column":8}},{"start":{"line":82,"column":8},"end":{"line":82,"column":8}}]},"18":{"line":88,"type":"if","locations":[{"start":{"line":88,"column":8},"end":{"line":88,"column":8}},{"start":{"line":88,"column":8},"end":{"line":88,"column":8}}]},"19":{"line":100,"type":"if","locations":[{"start":{"line":100,"column":4},"end":{"line":100,"column":4}},{"start":{"line":100,"column":4},"end":{"line":100,"column":4}}]},"20":{"line":101,"type":"if","locations":[{"start":{"line":101,"column":8},"end":{"line":101,"column":8}},{"start":{"line":101,"column":8},"end":{"line":101,"column":8}}]},"21":{"line":106,"type":"if","locations":[{"start":{"line":106,"column":8},"end":{"line":106,"column":8}},{"start":{"line":106,"column":8},"end":{"line":106,"column":8}}]},"22":{"line":119,"type":"if","locations":[{"start":{"line":119,"column":4},"end":{"line":119,"column":4}},{"start":{"line":119,"column":4},"end":{"line":119,"column":4}}]},"23":{"line":120,"type":"if","locations":[{"start":{"line":120,"column":8},"end":{"line":120,"column":8}},{"start":{"line":120,"column":8},"end":{"line":120,"column":8}}]}},"l":{"1":1,"2":1,"4":1,"5":4,"6":4,"7":1,"8":1,"9":1,"12":3,"13":2,"14":2,"15":2,"18":1,"19":0,"22":0,"23":0,"26":1,"27":1,"28":1,"29":1,"32":0,"35":1,"36":5,"37":5,"38":1,"39":1,"40":1,"43":4,"44":2,"45":2,"46":2,"49":2,"50":1,"53":1,"54":1,"57":1,"58":1,"59":1,"60":1,"62":0,"65":1,"66":1,"68":1,"69":1,"70":1,"71":1,"72":1,"75":0,"78":1,"79":0,"81":0,"82":0,"83":0,"84":0,"85":0,"88":0,"89":0,"90":0,"91":0,"94":0,"97":1,"98":2,"100":2,"101":2,"102":1,"103":1,"104":1,"106":1,"107":1,"108":1,"109":1,"112":0,"115":1,"116":1,"117":1,"119":1,"120":1,"121":1,"122":1,"123":1,"126":0,"129":1}}}
