TN:
SF:H:\Lazar\Telerik\JavaScript\5. Web Applications with Node.js\TeamWork\NodeJS-Praetorians\data\comments.data.js
FN:5,(anonymous_1)
FN:8,(anonymous_2)
FN:15,(anonymous_3)
FN:20,(anonymous_4)
FN:42,(anonymous_5)
FNF:5
FNH:0
FNDA:0,(anonymous_1)
FNDA:0,(anonymous_2)
FNDA:0,(anonymous_3)
FNDA:0,(anonymous_4)
FNDA:0,(anonymous_5)
DA:1,0
DA:2,0
DA:3,0
DA:6,0
DA:9,0
DA:16,0
DA:21,0
DA:27,0
DA:46,0
DA:50,0
LF:10
LH:0
BRF:0
BRH:0
end_of_record
TN:
SF:H:\Lazar\Telerik\JavaScript\5. Web Applications with Node.js\TeamWork\NodeJS-Praetorians\data\data.js
FNF:0
FNH:0
DA:1,0
DA:2,0
DA:3,0
DA:5,0
DA:6,0
DA:15,0
LF:6
LH:0
BRF:0
BRH:0
end_of_record
TN:
SF:H:\Lazar\Telerik\JavaScript\5. Web Applications with Node.js\TeamWork\NodeJS-Praetorians\data\index.js
FNF:0
FNH:0
DA:1,0
LF:1
LH:0
BRF:0
BRH:0
end_of_record
TN:
SF:H:\Lazar\Telerik\JavaScript\5. Web Applications with Node.js\TeamWork\NodeJS-Praetorians\data\topics.data.js
FN:7,(anonymous_1)
FN:11,(anonymous_2)
FN:16,(anonymous_3)
FN:26,(anonymous_4)
FN:48,(anonymous_5)
FN:77,(anonymous_6)
FN:84,(anonymous_7)
FNF:7
FNH:0
FNDA:0,(anonymous_1)
FNDA:0,(anonymous_2)
FNDA:0,(anonymous_3)
FNDA:0,(anonymous_4)
FNDA:0,(anonymous_5)
FNDA:0,(anonymous_6)
FNDA:0,(anonymous_7)
DA:1,0
DA:2,0
DA:3,0
DA:4,0
DA:8,0
DA:14,0
DA:17,0
DA:21,0
DA:27,0
DA:49,0
DA:53,0
DA:62,0
DA:64,0
DA:71,0
DA:78,0
DA:85,0
DA:87,0
DA:91,0
LF:18
LH:0
BRF:0
BRH:0
end_of_record
TN:
SF:H:\Lazar\Telerik\JavaScript\5. Web Applications with Node.js\TeamWork\NodeJS-Praetorians\data\users.data.js
FN:10,(anonymous_1)
FN:14,(anonymous_2)
FN:20,(anonymous_3)
FN:48,(anonymous_4)
FN:58,(anonymous_5)
FN:117,(anonymous_6)
FNF:6
FNH:0
FNDA:0,(anonymous_1)
FNDA:0,(anonymous_2)
FNDA:0,(anonymous_3)
FNDA:0,(anonymous_4)
FNDA:0,(anonymous_5)
FNDA:0,(anonymous_6)
DA:1,0
DA:2,0
DA:3,0
DA:4,0
DA:5,0
DA:6,0
DA:11,0
DA:15,0
DA:17,0
DA:21,0
DA:25,0
DA:33,0
DA:35,0
DA:42,0
DA:49,0
DA:59,0
DA:60,0
DA:61,0
DA:62,0
DA:63,0
DA:65,0
DA:66,0
DA:68,0
DA:71,0
DA:72,0
DA:74,0
DA:77,0
DA:78,0
DA:80,0
DA:83,0
DA:84,0
DA:86,0
DA:89,0
DA:90,0
DA:92,0
DA:95,0
DA:100,0
DA:103,0
DA:118,0
DA:120,0
DA:121,0
DA:122,0
DA:124,0
DA:125,0
DA:126,0
DA:128,0
DA:133,0
LF:47
LH:0
BRDA:65,1,0,0
BRDA:65,1,1,0
BRDA:65,2,0,0
BRDA:65,2,1,0
BRDA:71,3,0,0
BRDA:71,3,1,0
BRDA:77,4,0,0
BRDA:77,4,1,0
BRDA:83,5,0,0
BRDA:83,5,1,0
BRDA:89,6,0,0
BRDA:89,6,1,0
BRDA:95,7,0,0
BRDA:95,7,1,0
BRDA:95,8,0,0
BRDA:95,8,1,0
BRDA:95,8,2,0
BRDA:95,8,3,0
BRDA:95,8,4,0
BRDA:120,9,0,0
BRDA:120,9,1,0
BRDA:124,10,0,0
BRDA:124,10,1,0
BRF:23
BRH:0
end_of_record
TN:
SF:H:\Lazar\Telerik\JavaScript\5. Web Applications with Node.js\TeamWork\NodeJS-Praetorians\data\base\base.data.js
FN:4,(anonymous_1)
FN:12,(anonymous_2)
FN:17,(anonymous_3)
FN:22,(anonymous_4)
FN:34,(anonymous_5)
FN:40,(anonymous_6)
FN:49,(anonymous_7)
FNF:7
FNH:4
FNDA:3,(anonymous_1)
FNDA:0,(anonymous_2)
FNDA:1,(anonymous_3)
FNDA:0,(anonymous_4)
FNDA:1,(anonymous_5)
FNDA:0,(anonymous_6)
FNDA:4,(anonymous_7)
DA:1,1
DA:5,3
DA:6,3
DA:7,3
DA:8,3
DA:9,3
DA:13,0
DA:18,1
DA:24,0
DA:25,0
DA:28,0
DA:30,0
DA:35,1
DA:41,0
DA:43,0
DA:46,0
DA:50,4
DA:54,1
LF:18
LH:10
BRDA:24,1,0,0
BRDA:24,1,1,0
BRDA:41,2,0,0
BRDA:41,2,1,0
BRDA:41,3,0,0
BRDA:41,3,1,0
BRF:6
BRH:0
end_of_record
TN:
SF:H:\Lazar\Telerik\JavaScript\5. Web Applications with Node.js\TeamWork\NodeJS-Praetorians\app\routers\auth.router\controller.js
FN:7,(anonymous_1)
FN:11,(anonymous_2)
FN:14,(anonymous_3)
FN:17,(anonymous_4)
FN:22,(anonymous_5)
FN:56,(anonymous_6)
FNF:6
FNH:0
FNDA:0,(anonymous_1)
FNDA:0,(anonymous_2)
FNDA:0,(anonymous_3)
FNDA:0,(anonymous_4)
FNDA:0,(anonymous_5)
FNDA:0,(anonymous_6)
DA:1,0
DA:2,0
DA:3,0
DA:4,0
DA:8,0
DA:12,0
DA:15,0
DA:18,0
DA:19,0
DA:23,0
DA:24,0
DA:25,0
DA:26,0
DA:27,0
DA:28,0
DA:29,0
DA:30,0
DA:36,0
DA:39,0
DA:40,0
DA:42,0
DA:43,0
DA:44,0
DA:45,0
DA:47,0
DA:49,0
DA:50,0
DA:57,0
DA:58,0
DA:59,0
DA:60,0
DA:62,0
DA:63,0
DA:66,0
DA:72,0
DA:73,0
DA:76,0
LF:37
LH:0
BRDA:30,1,0,0
BRDA:30,1,1,0
BRDA:30,2,0,0
BRDA:30,2,1,0
BRDA:30,2,2,0
BRDA:30,2,3,0
BRDA:30,2,4,0
BRDA:30,2,5,0
BRDA:42,3,0,0
BRDA:42,3,1,0
BRDA:62,4,0,0
BRDA:62,4,1,0
BRF:12
BRH:0
end_of_record
TN:
SF:H:\Lazar\Telerik\JavaScript\5. Web Applications with Node.js\TeamWork\NodeJS-Praetorians\app\routers\auth.router\index.js
FNF:0
FNH:0
DA:1,0
LF:1
LH:0
BRF:0
BRH:0
end_of_record
TN:
SF:H:\Lazar\Telerik\JavaScript\5. Web Applications with Node.js\TeamWork\NodeJS-Praetorians\app\routers\auth.router\router.js
FNF:0
FNH:0
DA:1,0
DA:3,0
DA:4,0
DA:5,0
DA:7,0
DA:9,0
DA:11,0
DA:13,0
DA:16,0
DA:19,0
DA:20,0
DA:23,0
DA:26,0
LF:13
LH:0
BRF:0
BRH:0
end_of_record
TN:
SF:H:\Lazar\Telerik\JavaScript\5. Web Applications with Node.js\TeamWork\NodeJS-Praetorians\app\routers\topics.router\controller.js
FN:5,(anonymous_1)
FN:24,(anonymous_2)
FN:54,(anonymous_3)
FN:64,(anonymous_4)
FN:89,(anonymous_5)
FN:114,(anonymous_6)
FN:127,(anonymous_7)
FNF:7
FNH:0
FNDA:0,(anonymous_1)
FNDA:0,(anonymous_2)
FNDA:0,(anonymous_3)
FNDA:0,(anonymous_4)
FNDA:0,(anonymous_5)
FNDA:0,(anonymous_6)
FNDA:0,(anonymous_7)
DA:1,0
DA:3,0
DA:4,0
DA:6,0
DA:7,0
DA:8,0
DA:9,0
DA:11,0
DA:13,0
DA:14,0
DA:15,0
DA:17,0
DA:18,0
DA:25,0
DA:26,0
DA:27,0
DA:35,0
DA:37,0
DA:39,0
DA:40,0
DA:43,0
DA:45,0
DA:48,0
DA:55,0
DA:56,0
DA:58,0
DA:65,0
DA:66,0
DA:67,0
DA:68,0
DA:70,0
DA:71,0
DA:73,0
DA:74,0
DA:75,0
DA:77,0
DA:80,0
DA:85,0
DA:90,0
DA:91,0
DA:93,0
DA:101,0
DA:103,0
DA:108,0
DA:115,0
DA:116,0
DA:117,0
DA:118,0
DA:123,0
DA:128,0
DA:129,0
DA:130,0
DA:131,0
DA:133,0
DA:138,0
DA:141,0
LF:56
LH:0
BRDA:7,1,0,0
BRDA:7,1,1,0
BRDA:66,2,0,0
BRDA:66,2,1,0
BRDA:70,3,0,0
BRDA:70,3,1,0
BRF:6
BRH:0
end_of_record
TN:
SF:H:\Lazar\Telerik\JavaScript\5. Web Applications with Node.js\TeamWork\NodeJS-Praetorians\app\routers\topics.router\index.js
FNF:0
FNH:0
DA:1,0
LF:1
LH:0
BRF:0
BRH:0
end_of_record
TN:
SF:H:\Lazar\Telerik\JavaScript\5. Web Applications with Node.js\TeamWork\NodeJS-Praetorians\app\routers\topics.router\router.js
FNF:0
FNH:0
DA:1,0
DA:3,0
DA:4,0
DA:5,0
DA:7,0
DA:9,0
DA:12,0
DA:15,0
DA:18,0
DA:19,0
DA:21,0
DA:24,0
DA:27,0
DA:30,0
DA:33,0
DA:37,0
DA:40,0
LF:17
LH:0
BRDA:18,1,0,0
BRDA:18,1,1,0
BRF:2
BRH:0
end_of_record
TN:
SF:H:\Lazar\Telerik\JavaScript\5. Web Applications with Node.js\TeamWork\NodeJS-Praetorians\app\routers\users.router\controller.js
FN:3,(anonymous_1)
FN:15,(anonymous_2)
FN:28,(anonymous_3)
FNF:3
FNH:0
FNDA:0,(anonymous_1)
FNDA:0,(anonymous_2)
FNDA:0,(anonymous_3)
DA:1,0
DA:2,0
DA:4,0
DA:5,0
DA:7,0
DA:8,0
DA:10,0
DA:16,0
DA:17,0
DA:19,0
DA:20,0
DA:22,0
DA:29,0
DA:30,0
DA:31,0
DA:33,0
DA:34,0
DA:36,0
DA:38,0
DA:44,0
DA:48,0
LF:21
LH:0
BRDA:7,1,0,0
BRDA:7,1,1,0
BRDA:19,2,0,0
BRDA:19,2,1,0
BRDA:33,3,0,0
BRDA:33,3,1,0
BRF:6
BRH:0
end_of_record
TN:
SF:H:\Lazar\Telerik\JavaScript\5. Web Applications with Node.js\TeamWork\NodeJS-Praetorians\app\routers\users.router\index.js
FNF:0
FNH:0
DA:1,0
LF:1
LH:0
BRF:0
BRH:0
end_of_record
TN:
SF:H:\Lazar\Telerik\JavaScript\5. Web Applications with Node.js\TeamWork\NodeJS-Praetorians\app\routers\users.router\router.js
FNF:0
FNH:0
DA:1,0
DA:3,0
DA:4,0
DA:5,0
DA:7,0
DA:9,0
DA:12,0
DA:15,0
DA:17,0
DA:19,0
LF:10
LH:0
BRF:0
BRH:0
end_of_record
TN:
SF:H:\Lazar\Telerik\JavaScript\5. Web Applications with Node.js\TeamWork\NodeJS-Praetorians\app\app.js
FNF:0
FNH:0
DA:2,0
DA:3,0
DA:4,0
DA:6,0
DA:7,0
DA:9,0
DA:10,0
DA:12,0
DA:13,0
DA:15,0
DA:16,0
DA:18,0
DA:20,0
DA:21,0
DA:24,0
DA:27,0
LF:16
LH:0
BRF:0
BRH:0
end_of_record
TN:
SF:H:\Lazar\Telerik\JavaScript\5. Web Applications with Node.js\TeamWork\NodeJS-Praetorians\app\index.js
FNF:0
FNH:0
DA:1,0
LF:1
LH:0
BRF:0
BRH:0
end_of_record
TN:
SF:H:\Lazar\Telerik\JavaScript\5. Web Applications with Node.js\TeamWork\NodeJS-Praetorians\app\auth\auth.js
FNF:0
FNH:0
DA:1,0
DA:2,0
DA:3,0
DA:4,0
DA:6,0
DA:8,0
DA:9,0
DA:10,0
DA:12,0
DA:15,0
DA:18,0
DA:22,0
DA:29,0
DA:30,0
DA:32,0
DA:33,0
DA:36,0
DA:37,0
DA:39,0
DA:43,0
DA:44,0
DA:48,0
DA:52,0
LF:23
LH:0
BRF:0
BRH:0
end_of_record
TN:
SF:H:\Lazar\Telerik\JavaScript\5. Web Applications with Node.js\TeamWork\NodeJS-Praetorians\app\auth\index.js
FNF:0
FNH:0
DA:1,0
LF:1
LH:0
BRF:0
BRH:0
end_of_record
TN:
SF:H:\Lazar\Telerik\JavaScript\5. Web Applications with Node.js\TeamWork\NodeJS-Praetorians\app\routers\index.js
FNF:0
FNH:0
DA:1,0
LF:1
LH:0
BRF:0
BRH:0
end_of_record
TN:
SF:H:\Lazar\Telerik\JavaScript\5. Web Applications with Node.js\TeamWork\NodeJS-Praetorians\app\routers\routers.js
FNF:0
FNH:0
DA:3,0
DA:4,0
DA:6,0
DA:7,0
DA:8,0
DA:11,0
DA:12,0
DA:14,0
DA:15,0
DA:18,0
DA:19,0
DA:23,0
LF:12
LH:0
BRF:0
BRH:0
end_of_record
TN:
SF:H:\Lazar\Telerik\JavaScript\5. Web Applications with Node.js\TeamWork\NodeJS-Praetorians\config\config.js
FNF:0
FNH:0
DA:1,0
DA:2,0
DA:3,0
DA:5,0
LF:4
LH:0
BRF:0
BRH:0
end_of_record
TN:
SF:H:\Lazar\Telerik\JavaScript\5. Web Applications with Node.js\TeamWork\NodeJS-Praetorians\config\index.js
FNF:0
FNH:0
DA:1,0
LF:1
LH:0
BRF:0
BRH:0
end_of_record
TN:
SF:H:\Lazar\Telerik\JavaScript\5. Web Applications with Node.js\TeamWork\NodeJS-Praetorians\db\db.js
FNF:0
FNH:0
DA:2,0
DA:4,0
DA:5,0
DA:7,0
DA:11,0
LF:5
LH:0
BRF:0
BRH:0
end_of_record
TN:
SF:H:\Lazar\Telerik\JavaScript\5. Web Applications with Node.js\TeamWork\NodeJS-Praetorians\db\index.js
FNF:0
FNH:0
DA:1,0
LF:1
LH:0
BRF:0
BRH:0
end_of_record
TN:
SF:H:\Lazar\Telerik\JavaScript\5. Web Applications with Node.js\TeamWork\NodeJS-Praetorians\models\comment.model.js
FN:2,(anonymous_1)
FN:10,(anonymous_2)
FN:13,(anonymous_3)
FN:16,(anonymous_4)
FN:20,(anonymous_5)
FN:24,(anonymous_6)
FN:28,(anonymous_7)
FN:32,(anonymous_8)
FN:39,(anonymous_9)
FNF:9
FNH:0
FNDA:0,(anonymous_1)
FNDA:0,(anonymous_2)
FNDA:0,(anonymous_3)
FNDA:0,(anonymous_4)
FNDA:0,(anonymous_5)
FNDA:0,(anonymous_6)
FNDA:0,(anonymous_7)
FNDA:0,(anonymous_8)
FNDA:0,(anonymous_9)
DA:3,0
DA:4,0
DA:5,0
DA:6,0
DA:7,0
DA:11,0
DA:14,0
DA:17,0
DA:21,0
DA:25,0
DA:29,0
DA:33,0
DA:40,0
DA:42,0
DA:44,0
DA:47,0
DA:51,0
LF:17
LH:0
BRF:0
BRH:0
end_of_record
TN:
SF:H:\Lazar\Telerik\JavaScript\5. Web Applications with Node.js\TeamWork\NodeJS-Praetorians\models\topic.model.js
FN:2,(anonymous_1)
FN:7,(anonymous_2)
FN:11,(anonymous_3)
FN:15,(anonymous_4)
FN:19,(anonymous_5)
FN:23,(anonymous_6)
FN:30,(anonymous_7)
FNF:7
FNH:0
FNDA:0,(anonymous_1)
FNDA:0,(anonymous_2)
FNDA:0,(anonymous_3)
FNDA:0,(anonymous_4)
FNDA:0,(anonymous_5)
FNDA:0,(anonymous_6)
FNDA:0,(anonymous_7)
DA:3,0
DA:4,0
DA:8,0
DA:12,0
DA:16,0
DA:20,0
DA:24,0
DA:31,0
DA:33,0
DA:35,0
DA:38,0
DA:42,0
LF:12
LH:0
BRF:0
BRH:0
end_of_record
TN:
SF:H:\Lazar\Telerik\JavaScript\5. Web Applications with Node.js\TeamWork\NodeJS-Praetorians\models\user.model.js
FN:2,(anonymous_1)
FN:10,(anonymous_2)
FN:14,(anonymous_3)
FN:18,(anonymous_4)
FN:22,(anonymous_5)
FN:26,(anonymous_6)
FN:30,(anonymous_7)
FN:34,(anonymous_8)
FN:38,(anonymous_9)
FNF:9
FNH:0
FNDA:0,(anonymous_1)
FNDA:0,(anonymous_2)
FNDA:0,(anonymous_3)
FNDA:0,(anonymous_4)
FNDA:0,(anonymous_5)
FNDA:0,(anonymous_6)
FNDA:0,(anonymous_7)
FNDA:0,(anonymous_8)
FNDA:0,(anonymous_9)
DA:3,0
DA:4,0
DA:5,0
DA:6,0
DA:7,0
DA:11,0
DA:15,0
DA:19,0
DA:23,0
DA:27,0
DA:31,0
DA:35,0
DA:39,0
DA:41,0
DA:43,0
DA:46,0
DA:50,0
LF:17
LH:0
BRF:0
BRH:0
end_of_record
TN:
SF:H:\Lazar\Telerik\JavaScript\5. Web Applications with Node.js\TeamWork\NodeJS-Praetorians\server.js
FNF:0
FNH:0
DA:4,0
DA:5,0
DA:8,0
DA:10,0
DA:11,0
DA:12,0
DA:13,0
DA:15,0
LF:8
LH:0
BRF:0
BRH:0
end_of_record
TN:
SF:H:\Lazar\Telerik\JavaScript\5. Web Applications with Node.js\TeamWork\NodeJS-Praetorians\helpers\helpers.js
FNF:0
FNH:0
DA:1,0
DA:2,0
DA:3,0
DA:8,0
DA:11,0
DA:12,0
DA:13,0
DA:18,0
DA:22,0
LF:9
LH:0
BRF:0
BRH:0
end_of_record
TN:
SF:H:\Lazar\Telerik\JavaScript\5. Web Applications with Node.js\TeamWork\NodeJS-Praetorians\helpers\index.js
FNF:0
FNH:0
DA:1,0
LF:1
LH:0
BRF:0
BRH:0
end_of_record
TN:
SF:H:\Lazar\Telerik\JavaScript\5. Web Applications with Node.js\TeamWork\NodeJS-Praetorians\helpers\validator.js
FNF:0
FNH:0
DA:1,1
DA:2,1
DA:4,1
DA:5,4
DA:6,4
DA:7,1
DA:8,1
DA:9,1
DA:12,3
DA:13,2
DA:14,2
DA:15,2
DA:18,1
DA:19,0
DA:22,0
DA:23,0
DA:26,1
DA:27,1
DA:28,1
DA:29,1
DA:32,0
DA:35,1
DA:36,5
DA:37,5
DA:38,1
DA:39,1
DA:40,1
DA:43,4
DA:44,2
DA:45,2
DA:46,2
DA:49,2
DA:50,1
DA:53,1
DA:54,1
DA:57,1
DA:58,1
DA:59,1
DA:60,1
DA:62,0
DA:65,1
DA:66,1
DA:68,1
DA:69,1
DA:70,1
DA:71,1
DA:72,1
DA:75,0
DA:78,1
DA:79,0
DA:81,0
DA:82,0
DA:83,0
DA:84,0
DA:85,0
DA:88,0
DA:89,0
DA:90,0
DA:91,0
DA:94,0
DA:97,1
DA:98,2
DA:100,2
DA:101,2
DA:102,1
DA:103,1
DA:104,1
DA:106,1
DA:107,1
DA:108,1
DA:109,1
DA:112,0
DA:115,1
DA:116,1
DA:117,1
DA:119,1
DA:120,1
DA:121,1
DA:122,1
DA:123,1
DA:126,0
DA:129,1
LF:82
LH:63
BRDA:6,1,0,1
BRDA:6,1,1,3
BRDA:6,2,0,4
BRDA:6,2,1,3
BRDA:12,3,0,2
BRDA:12,3,1,1
BRDA:18,4,0,0
BRDA:18,4,1,1
BRDA:26,5,0,1
BRDA:26,5,1,0
BRDA:37,6,0,1
BRDA:37,6,1,4
BRDA:37,7,0,5
BRDA:37,7,1,4
BRDA:43,8,0,2
BRDA:43,8,1,2
BRDA:43,9,0,4
BRDA:43,9,1,3
BRDA:49,10,0,1
BRDA:49,10,1,1
BRDA:57,11,0,1
BRDA:57,11,1,0
BRDA:68,12,0,1
BRDA:68,12,1,0
BRDA:68,13,0,1
BRDA:68,13,1,0
BRDA:68,13,2,0
BRDA:69,14,0,1
BRDA:69,14,1,0
BRDA:81,15,0,0
BRDA:81,15,1,0
BRDA:81,16,0,0
BRDA:81,16,1,0
BRDA:81,16,2,0
BRDA:82,17,0,0
BRDA:82,17,1,0
BRDA:88,18,0,0
BRDA:88,18,1,0
BRDA:100,19,0,2
BRDA:100,19,1,0
BRDA:101,20,0,1
BRDA:101,20,1,1
BRDA:106,21,0,1
BRDA:106,21,1,0
BRDA:119,22,0,1
BRDA:119,22,1,0
BRDA:120,23,0,1
BRDA:120,23,1,0
BRF:48
BRH:28
end_of_record
